<?xml version="1.0" encoding="UTF-8"?>
<!-- Generated by org.testng.reporters.JUnitXMLReporter -->
<testsuite ignored="0" hostname="DESKTOP-8BJQT84" failures="8" tests="152" name="Test" time="1529.725" errors="0" timestamp="2023-11-04T18:52:21 IST">
  <testcase classname="com.empire.qa.testcases.UserTypesPageTest" name="@BeforeMethod setup" time="22.621">
    <failure type="org.openqa.selenium.ElementNotInteractableException" message="element not interactable
  (Session info: chrome=118.0.5993.120)
Build info: version: &amp;apos;4.11.0&amp;apos;, revision: &amp;apos;040bc5406b&amp;apos;
System info: os.name: &amp;apos;Windows 11&amp;apos;, os.arch: &amp;apos;amd64&amp;apos;, os.version: &amp;apos;10.0&amp;apos;, java.version: &amp;apos;20.0.1&amp;apos;
Driver info: org.openqa.selenium.chrome.ChromeDriver
Command: [6319fc0b8d4dc28aa5c094e3a3991f78, clickElement {id=A34296B5B8A85AC2061E6962B7B3FF9B_element_23}]
Capabilities {acceptInsecureCerts: false, browserName: chrome, browserVersion: 118.0.5993.120, chrome: {chromedriverVersion: 118.0.5993.70 (e52f33f30b91..., userDataDir: C:\Users\Admin\AppData\Loca...}, fedcm:accounts: true, goog:chromeOptions: {debuggerAddress: localhost:49402}, networkConnectionEnabled: false, pageLoadStrategy: normal, platformName: windows, proxy: Proxy(), se:cdp: ws://localhost:49402/devtoo..., se:cdpVersion: 118.0.5993.120, setWindowRect: true, strictFileInteractability: false, timeouts: {implicit: 0, pageLoad: 300000, script: 30000}, unhandledPromptBehavior: dismiss and notify, webauthn:extension:credBlob: true, webauthn:extension:largeBlob: true, webauthn:extension:minPinLength: true, webauthn:extension:prf: true, webauthn:virtualAuthenticators: true}
Element: [[ChromeDriver: chrome on windows (6319fc0b8d4dc28aa5c094e3a3991f78)] -&amp;gt; xpath: //a[text()=&amp;apos;User Types&amp;apos;]]
Session ID: 6319fc0b8d4dc28aa5c094e3a3991f78">
      <![CDATA[org.openqa.selenium.ElementNotInteractableException: element not interactable
  (Session info: chrome=118.0.5993.120)
Build info: version: '4.11.0', revision: '040bc5406b'
System info: os.name: 'Windows 11', os.arch: 'amd64', os.version: '10.0', java.version: '20.0.1'
Driver info: org.openqa.selenium.chrome.ChromeDriver
Command: [6319fc0b8d4dc28aa5c094e3a3991f78, clickElement {id=A34296B5B8A85AC2061E6962B7B3FF9B_element_23}]
Capabilities {acceptInsecureCerts: false, browserName: chrome, browserVersion: 118.0.5993.120, chrome: {chromedriverVersion: 118.0.5993.70 (e52f33f30b91..., userDataDir: C:\Users\Admin\AppData\Loca...}, fedcm:accounts: true, goog:chromeOptions: {debuggerAddress: localhost:49402}, networkConnectionEnabled: false, pageLoadStrategy: normal, platformName: windows, proxy: Proxy(), se:cdp: ws://localhost:49402/devtoo..., se:cdpVersion: 118.0.5993.120, setWindowRect: true, strictFileInteractability: false, timeouts: {implicit: 0, pageLoad: 300000, script: 30000}, unhandledPromptBehavior: dismiss and notify, webauthn:extension:credBlob: true, webauthn:extension:largeBlob: true, webauthn:extension:minPinLength: true, webauthn:extension:prf: true, webauthn:virtualAuthenticators: true}
Element: [[ChromeDriver: chrome on windows (6319fc0b8d4dc28aa5c094e3a3991f78)] -> xpath: //a[text()='User Types']]
Session ID: 6319fc0b8d4dc28aa5c094e3a3991f78
at org.openqa.selenium.remote.codec.w3c.W3CHttpResponseCodec.createException(W3CHttpResponseCodec.java:200)
at org.openqa.selenium.remote.codec.w3c.W3CHttpResponseCodec.decode(W3CHttpResponseCodec.java:133)
at org.openqa.selenium.remote.codec.w3c.W3CHttpResponseCodec.decode(W3CHttpResponseCodec.java:52)
at org.openqa.selenium.remote.HttpCommandExecutor.execute(HttpCommandExecutor.java:191)
at org.openqa.selenium.remote.service.DriverCommandExecutor.invokeExecute(DriverCommandExecutor.java:196)
at org.openqa.selenium.remote.service.DriverCommandExecutor.execute(DriverCommandExecutor.java:171)
at org.openqa.selenium.remote.RemoteWebDriver.execute(RemoteWebDriver.java:518)
at org.openqa.selenium.remote.RemoteWebElement.execute(RemoteWebElement.java:224)
at org.openqa.selenium.remote.RemoteWebElement.click(RemoteWebElement.java:77)
at org.openqa.selenium.support.events.EventFiringWebDriver$EventFiringWebElement.lambda$new$0(EventFiringWebDriver.java:375)
at jdk.proxy2/jdk.proxy2.$Proxy23.click(Unknown Source)
at org.openqa.selenium.support.events.EventFiringWebDriver$EventFiringWebElement.click(EventFiringWebDriver.java:387)
at org.openqa.selenium.support.pagefactory.internal.LocatingElementHandler.invoke(LocatingElementHandler.java:51)
at jdk.proxy2/jdk.proxy2.$Proxy22.click(Unknown Source)
at com.empire.qa.pages.HomePage.verifyUserTypePage(HomePage.java:86)
at com.empire.qa.testcases.UserTypesPageTest.setup(UserTypesPageTest.java:33)
at java.base/java.util.ArrayList.forEach(ArrayList.java:1511)
... Removed 36 stack frames]]>
    </failure>
  </testcase> <!-- @BeforeMethod setup -->
  <testcase classname="com.empire.qa.testcases.UserTypesPageTest" name="@AfterMethod teardown" time="0.0">
    <skipped/>
  </testcase> <!-- @AfterMethod teardown -->
  <testcase classname="com.empire.qa.testcases.UserTypesPageTest" name="@BeforeMethod setup" time="0.0">
    <skipped/>
  </testcase> <!-- @BeforeMethod setup -->
  <testcase classname="com.empire.qa.testcases.UserTypesPageTest" name="@AfterMethod teardown" time="0.0">
    <skipped/>
  </testcase> <!-- @AfterMethod teardown -->
  <testcase classname="com.empire.qa.testcases.UserTypesPageTest" name="@BeforeMethod setup" time="0.0">
    <skipped/>
  </testcase> <!-- @BeforeMethod setup -->
  <testcase classname="com.empire.qa.testcases.UserTypesPageTest" name="@AfterMethod teardown" time="0.0">
    <skipped/>
  </testcase> <!-- @AfterMethod teardown -->
  <testcase classname="com.empire.qa.testcases.UserTypesPageTest" name="@BeforeMethod setup" time="0.0">
    <skipped/>
  </testcase> <!-- @BeforeMethod setup -->
  <testcase classname="com.empire.qa.testcases.UserTypesPageTest" name="@AfterMethod teardown" time="0.0">
    <skipped/>
  </testcase> <!-- @AfterMethod teardown -->
  <testcase classname="com.empire.qa.testcases.UserTypesPageTest" name="@BeforeMethod setup" time="0.0">
    <skipped/>
  </testcase> <!-- @BeforeMethod setup -->
  <testcase classname="com.empire.qa.testcases.UserTypesPageTest" name="@AfterMethod teardown" time="0.0">
    <skipped/>
  </testcase> <!-- @AfterMethod teardown -->
  <testcase classname="com.empire.qa.testcases.UserTypesPageTest" name="@BeforeMethod setup" time="0.0">
    <skipped/>
  </testcase> <!-- @BeforeMethod setup -->
  <testcase classname="com.empire.qa.testcases.UserTypesPageTest" name="@AfterMethod teardown" time="0.0">
    <skipped/>
  </testcase> <!-- @AfterMethod teardown -->
  <testcase classname="com.empire.qa.testcases.UserTypesPageTest" name="@BeforeMethod setup" time="0.0">
    <skipped/>
  </testcase> <!-- @BeforeMethod setup -->
  <testcase classname="com.empire.qa.testcases.UserTypesPageTest" name="@AfterMethod teardown" time="0.0">
    <skipped/>
  </testcase> <!-- @AfterMethod teardown -->
  <testcase classname="com.empire.qa.testcases.UserTypesPageTest" name="@BeforeMethod setup" time="0.0">
    <skipped/>
  </testcase> <!-- @BeforeMethod setup -->
  <testcase classname="com.empire.qa.testcases.UserTypesPageTest" name="@AfterMethod teardown" time="0.0">
    <skipped/>
  </testcase> <!-- @AfterMethod teardown -->
  <testcase classname="com.empire.qa.testcases.UserTypesPageTest" name="@BeforeMethod setup" time="0.0">
    <skipped/>
  </testcase> <!-- @BeforeMethod setup -->
  <testcase classname="com.empire.qa.testcases.UserTypesPageTest" name="@AfterMethod teardown" time="0.0">
    <skipped/>
  </testcase> <!-- @AfterMethod teardown -->
  <testcase classname="com.empire.qa.testcases.UserTypesPageTest" name="@BeforeMethod setup" time="0.0">
    <skipped/>
  </testcase> <!-- @BeforeMethod setup -->
  <testcase classname="com.empire.qa.testcases.UserTypesPageTest" name="@AfterMethod teardown" time="0.0">
    <skipped/>
  </testcase> <!-- @AfterMethod teardown -->
  <testcase classname="com.empire.qa.testcases.UserTypesPageTest" name="@BeforeMethod setup" time="0.0">
    <skipped/>
  </testcase> <!-- @BeforeMethod setup -->
  <testcase classname="com.empire.qa.testcases.UserTypesPageTest" name="@AfterMethod teardown" time="0.0">
    <skipped/>
  </testcase> <!-- @AfterMethod teardown -->
  <testcase classname="com.empire.qa.testcases.UserTypesPageTest" name="@BeforeMethod setup" time="0.0">
    <skipped/>
  </testcase> <!-- @BeforeMethod setup -->
  <testcase classname="com.empire.qa.testcases.UserTypesPageTest" name="@AfterMethod teardown" time="0.0">
    <skipped/>
  </testcase> <!-- @AfterMethod teardown -->
  <testcase classname="com.empire.qa.testcases.UserTypesPageTest" name="@BeforeMethod setup" time="0.0">
    <skipped/>
  </testcase> <!-- @BeforeMethod setup -->
  <testcase classname="com.empire.qa.testcases.UserTypesPageTest" name="@AfterMethod teardown" time="0.0">
    <skipped/>
  </testcase> <!-- @AfterMethod teardown -->
  <testcase classname="com.empire.qa.testcases.LocationTypesPageTest" name="@BeforeMethod setup" time="23.08">
    <failure type="org.openqa.selenium.ElementNotInteractableException" message="element not interactable
  (Session info: chrome=118.0.5993.120)
Build info: version: &amp;apos;4.11.0&amp;apos;, revision: &amp;apos;040bc5406b&amp;apos;
System info: os.name: &amp;apos;Windows 11&amp;apos;, os.arch: &amp;apos;amd64&amp;apos;, os.version: &amp;apos;10.0&amp;apos;, java.version: &amp;apos;20.0.1&amp;apos;
Driver info: org.openqa.selenium.chrome.ChromeDriver
Command: [980785cb5304e2e6f85dc385a80da255, clickElement {id=0DD637B8CC84EE35396804F1D1E8924F_element_23}]
Capabilities {acceptInsecureCerts: false, browserName: chrome, browserVersion: 118.0.5993.120, chrome: {chromedriverVersion: 118.0.5993.70 (e52f33f30b91..., userDataDir: C:\Users\Admin\AppData\Loca...}, fedcm:accounts: true, goog:chromeOptions: {debuggerAddress: localhost:54391}, networkConnectionEnabled: false, pageLoadStrategy: normal, platformName: windows, proxy: Proxy(), se:cdp: ws://localhost:54391/devtoo..., se:cdpVersion: 118.0.5993.120, setWindowRect: true, strictFileInteractability: false, timeouts: {implicit: 0, pageLoad: 300000, script: 30000}, unhandledPromptBehavior: dismiss and notify, webauthn:extension:credBlob: true, webauthn:extension:largeBlob: true, webauthn:extension:minPinLength: true, webauthn:extension:prf: true, webauthn:virtualAuthenticators: true}
Element: [[ChromeDriver: chrome on windows (980785cb5304e2e6f85dc385a80da255)] -&amp;gt; xpath: //a[text()=&amp;apos;Location &amp;apos;]]
Session ID: 980785cb5304e2e6f85dc385a80da255">
      <![CDATA[org.openqa.selenium.ElementNotInteractableException: element not interactable
  (Session info: chrome=118.0.5993.120)
Build info: version: '4.11.0', revision: '040bc5406b'
System info: os.name: 'Windows 11', os.arch: 'amd64', os.version: '10.0', java.version: '20.0.1'
Driver info: org.openqa.selenium.chrome.ChromeDriver
Command: [980785cb5304e2e6f85dc385a80da255, clickElement {id=0DD637B8CC84EE35396804F1D1E8924F_element_23}]
Capabilities {acceptInsecureCerts: false, browserName: chrome, browserVersion: 118.0.5993.120, chrome: {chromedriverVersion: 118.0.5993.70 (e52f33f30b91..., userDataDir: C:\Users\Admin\AppData\Loca...}, fedcm:accounts: true, goog:chromeOptions: {debuggerAddress: localhost:54391}, networkConnectionEnabled: false, pageLoadStrategy: normal, platformName: windows, proxy: Proxy(), se:cdp: ws://localhost:54391/devtoo..., se:cdpVersion: 118.0.5993.120, setWindowRect: true, strictFileInteractability: false, timeouts: {implicit: 0, pageLoad: 300000, script: 30000}, unhandledPromptBehavior: dismiss and notify, webauthn:extension:credBlob: true, webauthn:extension:largeBlob: true, webauthn:extension:minPinLength: true, webauthn:extension:prf: true, webauthn:virtualAuthenticators: true}
Element: [[ChromeDriver: chrome on windows (980785cb5304e2e6f85dc385a80da255)] -> xpath: //a[text()='Location ']]
Session ID: 980785cb5304e2e6f85dc385a80da255
at org.openqa.selenium.remote.codec.w3c.W3CHttpResponseCodec.createException(W3CHttpResponseCodec.java:200)
at org.openqa.selenium.remote.codec.w3c.W3CHttpResponseCodec.decode(W3CHttpResponseCodec.java:133)
at org.openqa.selenium.remote.codec.w3c.W3CHttpResponseCodec.decode(W3CHttpResponseCodec.java:52)
at org.openqa.selenium.remote.HttpCommandExecutor.execute(HttpCommandExecutor.java:191)
at org.openqa.selenium.remote.service.DriverCommandExecutor.invokeExecute(DriverCommandExecutor.java:196)
at org.openqa.selenium.remote.service.DriverCommandExecutor.execute(DriverCommandExecutor.java:171)
at org.openqa.selenium.remote.RemoteWebDriver.execute(RemoteWebDriver.java:518)
at org.openqa.selenium.remote.RemoteWebElement.execute(RemoteWebElement.java:224)
at org.openqa.selenium.remote.RemoteWebElement.click(RemoteWebElement.java:77)
at org.openqa.selenium.support.events.EventFiringWebDriver$EventFiringWebElement.lambda$new$0(EventFiringWebDriver.java:375)
at jdk.proxy2/jdk.proxy2.$Proxy23.click(Unknown Source)
at org.openqa.selenium.support.events.EventFiringWebDriver$EventFiringWebElement.click(EventFiringWebDriver.java:387)
at org.openqa.selenium.support.pagefactory.internal.LocatingElementHandler.invoke(LocatingElementHandler.java:51)
at jdk.proxy2/jdk.proxy2.$Proxy22.click(Unknown Source)
at com.empire.qa.pages.HomePage.verifyLocationTypesPage(HomePage.java:110)
at com.empire.qa.testcases.LocationTypesPageTest.setup(LocationTypesPageTest.java:32)
at java.base/java.util.ArrayList.forEach(ArrayList.java:1511)
... Removed 36 stack frames]]>
    </failure>
  </testcase> <!-- @BeforeMethod setup -->
  <testcase classname="com.empire.qa.testcases.LocationTypesPageTest" name="@AfterMethod teardown" time="0.0">
    <skipped/>
  </testcase> <!-- @AfterMethod teardown -->
  <testcase classname="com.empire.qa.testcases.LocationTypesPageTest" name="@BeforeMethod setup" time="0.0">
    <skipped/>
  </testcase> <!-- @BeforeMethod setup -->
  <testcase classname="com.empire.qa.testcases.LocationTypesPageTest" name="@AfterMethod teardown" time="0.0">
    <skipped/>
  </testcase> <!-- @AfterMethod teardown -->
  <testcase classname="com.empire.qa.testcases.LocationTypesPageTest" name="@BeforeMethod setup" time="0.0">
    <skipped/>
  </testcase> <!-- @BeforeMethod setup -->
  <testcase classname="com.empire.qa.testcases.LocationTypesPageTest" name="@AfterMethod teardown" time="0.0">
    <skipped/>
  </testcase> <!-- @AfterMethod teardown -->
  <testcase classname="com.empire.qa.testcases.LocationTypesPageTest" name="@BeforeMethod setup" time="0.0">
    <skipped/>
  </testcase> <!-- @BeforeMethod setup -->
  <testcase classname="com.empire.qa.testcases.LocationTypesPageTest" name="@AfterMethod teardown" time="0.0">
    <skipped/>
  </testcase> <!-- @AfterMethod teardown -->
  <testcase classname="com.empire.qa.testcases.LocationTypesPageTest" name="@BeforeMethod setup" time="0.0">
    <skipped/>
  </testcase> <!-- @BeforeMethod setup -->
  <testcase classname="com.empire.qa.testcases.LocationTypesPageTest" name="@AfterMethod teardown" time="0.0">
    <skipped/>
  </testcase> <!-- @AfterMethod teardown -->
  <testcase classname="com.empire.qa.testcases.LocationTypesPageTest" name="@BeforeMethod setup" time="0.0">
    <skipped/>
  </testcase> <!-- @BeforeMethod setup -->
  <testcase classname="com.empire.qa.testcases.LocationTypesPageTest" name="@AfterMethod teardown" time="0.0">
    <skipped/>
  </testcase> <!-- @AfterMethod teardown -->
  <testcase classname="com.empire.qa.testcases.LocationTypesPageTest" name="@BeforeMethod setup" time="0.0">
    <skipped/>
  </testcase> <!-- @BeforeMethod setup -->
  <testcase classname="com.empire.qa.testcases.LocationTypesPageTest" name="@AfterMethod teardown" time="0.0">
    <skipped/>
  </testcase> <!-- @AfterMethod teardown -->
  <testcase classname="com.empire.qa.testcases.LocationTypesPageTest" name="@BeforeMethod setup" time="0.0">
    <skipped/>
  </testcase> <!-- @BeforeMethod setup -->
  <testcase classname="com.empire.qa.testcases.LocationTypesPageTest" name="@AfterMethod teardown" time="0.0">
    <skipped/>
  </testcase> <!-- @AfterMethod teardown -->
  <testcase classname="com.empire.qa.testcases.LocationTypesPageTest" name="@BeforeMethod setup" time="0.0">
    <skipped/>
  </testcase> <!-- @BeforeMethod setup -->
  <testcase classname="com.empire.qa.testcases.LocationTypesPageTest" name="@AfterMethod teardown" time="0.0">
    <skipped/>
  </testcase> <!-- @AfterMethod teardown -->
  <testcase classname="com.empire.qa.testcases.LocationTypesPageTest" name="@BeforeMethod setup" time="0.0">
    <skipped/>
  </testcase> <!-- @BeforeMethod setup -->
  <testcase classname="com.empire.qa.testcases.LocationTypesPageTest" name="@AfterMethod teardown" time="0.0">
    <skipped/>
  </testcase> <!-- @AfterMethod teardown -->
  <testcase classname="com.empire.qa.testcases.LocationTypesPageTest" name="@BeforeMethod setup" time="0.0">
    <skipped/>
  </testcase> <!-- @BeforeMethod setup -->
  <testcase classname="com.empire.qa.testcases.LocationTypesPageTest" name="@AfterMethod teardown" time="0.0">
    <skipped/>
  </testcase> <!-- @AfterMethod teardown -->
  <testcase classname="com.empire.qa.testcases.LocationTypesPageTest" name="@BeforeMethod setup" time="0.0">
    <skipped/>
  </testcase> <!-- @BeforeMethod setup -->
  <testcase classname="com.empire.qa.testcases.LocationTypesPageTest" name="@AfterMethod teardown" time="0.0">
    <skipped/>
  </testcase> <!-- @AfterMethod teardown -->
  <testcase classname="com.empire.qa.testcases.UserTypesPageTest" name="VerifyBackBtnTest" time="1.481"/>
  <testcase classname="com.empire.qa.testcases.UserTypesPageTest" name="VerifyNextPageBtnTest" time="0.483"/>
  <testcase classname="com.empire.qa.testcases.UserTypesPageTest" name="VerifyPage2BtnTest" time="0.444"/>
  <testcase classname="com.empire.qa.testcases.UserTypesPageTest" name="VerifyPage3BtnTest" time="0.557"/>
  <testcase classname="com.empire.qa.testcases.UserTypesPageTest" name="VerifyPreviousPageBtnTest" time="0.531"/>
  <testcase classname="com.empire.qa.testcases.UserTypesPageTest" name="VerifySearchTextFieldTest" time="15.909"/>
  <testcase classname="com.empire.qa.testcases.UserTypesPageTest" name="VerifySearchTextFieldWithInvalidDataTest" time="0.212"/>
  <testcase classname="com.empire.qa.testcases.UserTypesPageTest" name="VerifyShowEntriesDropdownTest" time="0.0">
    <skipped/>
  </testcase> <!-- VerifyShowEntriesDropdownTest -->
  <testcase classname="com.empire.qa.testcases.UserTypesPageTest" name="VerifySnoSortingTest" time="0.0">
    <skipped/>
  </testcase> <!-- VerifySnoSortingTest -->
  <testcase classname="com.empire.qa.testcases.UserTypesPageTest" name="VerifyToTopArrowBtnTest" time="0.0">
    <skipped/>
  </testcase> <!-- VerifyToTopArrowBtnTest -->
  <testcase classname="com.empire.qa.testcases.UserTypesPageTest" name="VerifyTypeCodeSortingTest" time="0.0">
    <skipped/>
  </testcase> <!-- VerifyTypeCodeSortingTest -->
  <testcase classname="com.empire.qa.testcases.UserTypesPageTest" name="VerifyTypeNameSortingTest" time="0.0">
    <skipped/>
  </testcase> <!-- VerifyTypeNameSortingTest -->
  <testcase classname="com.empire.qa.testcases.UserTypesPageTest" name="VerifyUserTypePageTitleTest" time="0.0">
    <skipped/>
  </testcase> <!-- VerifyUserTypePageTitleTest -->
  <testcase classname="com.empire.qa.testcases.UserTypesPageTest" name="VerifyaddNewUserTypePagewithInvalidTypeCodeTest" time="0.0">
    <skipped/>
  </testcase> <!-- VerifyaddNewUserTypePagewithInvalidTypeCodeTest -->
  <testcase classname="com.empire.qa.testcases.UserTypesPageTest" name="VerifyaddNewUserTypePagewithInvalidTypeNameTest" time="0.0">
    <skipped/>
  </testcase> <!-- VerifyaddNewUserTypePagewithInvalidTypeNameTest -->
  <testcase classname="com.empire.qa.testcases.UserTypesPageTest" name="VerifyaddNewUserTypePagewithoutData" time="0.0">
    <skipped/>
  </testcase> <!-- VerifyaddNewUserTypePagewithoutData -->
  <testcase classname="com.empire.qa.testcases.UserTypesPageTest" name="VerifyaddNewUserTypePagewithValidDataTest" time="0.0">
    <skipped/>
  </testcase> <!-- VerifyaddNewUserTypePagewithValidDataTest -->
  <testcase classname="com.empire.qa.testcases.UserTypesPageTest" name="VerifyEditButtonBySearch_TypeNameTest" time="0.0">
    <skipped/>
  </testcase> <!-- VerifyEditButtonBySearch_TypeNameTest -->
  <testcase classname="com.empire.qa.testcases.UserTypesPageTest" name="VerifyDeleteButtonBySearch_TypeNameTest" time="0.0">
    <skipped/>
  </testcase> <!-- VerifyDeleteButtonBySearch_TypeNameTest -->
  <testcase classname="com.empire.qa.testcases.UserTypesPageTest" name="VerifyDeleteButtonByClickingYesTest" time="0.0">
    <skipped/>
  </testcase> <!-- VerifyDeleteButtonByClickingYesTest -->
  <testcase classname="com.empire.qa.testcases.ConditionTypesPageTest" name="VerifyBackBtnTest" time="0.706"/>
  <testcase classname="com.empire.qa.testcases.ConditionTypesPageTest" name="VerifyConditionNameSortingTest" time="0.453"/>
  <testcase classname="com.empire.qa.testcases.ConditionTypesPageTest" name="VerifyConditionTypesPageTitleTest" time="0.015"/>
  <testcase classname="com.empire.qa.testcases.ConditionTypesPageTest" name="VerifyNextPageBtnTest" time="1.127"/>
  <testcase classname="com.empire.qa.testcases.ConditionTypesPageTest" name="VerifyPage3BtnTest" time="1.115"/>
  <testcase classname="com.empire.qa.testcases.ConditionTypesPageTest" name="VerifyPreviousPageBtnTest" time="1.165"/>
  <testcase classname="com.empire.qa.testcases.ConditionTypesPageTest" name="VerifySearchTextFieldTest" time="15.767"/>
  <testcase classname="com.empire.qa.testcases.ConditionTypesPageTest" name="VerifySearchTextFieldWithInvalidDataTest" time="0.195"/>
  <testcase classname="com.empire.qa.testcases.ConditionTypesPageTest" name="VerifyShowEntriesDropdownTest" time="0.215"/>
  <testcase classname="com.empire.qa.testcases.ConditionTypesPageTest" name="VerifySnoSortingTest" time="0.451"/>
  <testcase classname="com.empire.qa.testcases.ConditionTypesPageTest" name="VerifyToTopArrowBtnTest" time="0.495"/>
  <testcase classname="com.empire.qa.testcases.ConditionTypesPageTest" name="VerifyaddNewConditionwithInvalidLocationNameTest" time="2.558"/>
  <testcase classname="com.empire.qa.testcases.ConditionTypesPageTest" name="VerifyaddNewConditionwithoutDataTest" time="2.422"/>
  <testcase classname="com.empire.qa.testcases.ConditionTypesPageTest" name="VerifyaddNewConditionwithValidDataTest" time="2.486"/>
  <testcase classname="com.empire.qa.testcases.ConditionTypesPageTest" name="VerifyEditButtonBySearchConditionNameTest" time="3.292"/>
  <testcase classname="com.empire.qa.testcases.ConditionTypesPageTest" name="VerifyDeleteButtonBySearchConditionNameTest" time="2.369"/>
  <testcase classname="com.empire.qa.testcases.ConditionTypesPageTest" name="VerifyDeleteButtonByClickingYesTest" time="2.327"/>
  <testcase classname="com.empire.qa.testcases.InventoryStatusPageTest" name="VerifyBackBtnTest" time="0.646"/>
  <testcase classname="com.empire.qa.testcases.InventoryStatusPageTest" name="VerifyNextPageBtnTest" time="0.458"/>
  <testcase classname="com.empire.qa.testcases.InventoryStatusPageTest" name="VerifyPage3BtnTest" time="0.489"/>
  <testcase classname="com.empire.qa.testcases.InventoryStatusPageTest" name="VerifyPreviousPageBtnTest" time="0.564"/>
  <testcase classname="com.empire.qa.testcases.InventoryStatusPageTest" name="VerifySearchTextFieldTest" time="15.344"/>
  <testcase classname="com.empire.qa.testcases.InventoryStatusPageTest" name="VerifySearchTextFieldWithInvalidDataTest" time="0.194"/>
  <testcase classname="com.empire.qa.testcases.InventoryStatusPageTest" name="VerifyShowEntriesDropdownTest" time="0.221"/>
  <testcase classname="com.empire.qa.testcases.InventoryStatusPageTest" name="VerifySnoSortingTest" time="0.435"/>
  <testcase classname="com.empire.qa.testcases.InventoryStatusPageTest" name="VerifyStatusNameSortingTest" time="0.444"/>
  <testcase classname="com.empire.qa.testcases.InventoryStatusPageTest" name="VerifyToTopArrowBtnTest" time="0.45"/>
  <testcase classname="com.empire.qa.testcases.InventoryStatusPageTest" name="VerifyaddNewStatusTypewithInvalidLocationNameTest" time="2.627"/>
  <testcase classname="com.empire.qa.testcases.InventoryStatusPageTest" name="VerifyaddStatusTypewithoutDataTest" time="2.355"/>
  <testcase classname="com.empire.qa.testcases.InventoryStatusPageTest" name="VerifyinventorystatuspageTitleTest" time="0.014"/>
  <testcase classname="com.empire.qa.testcases.InventoryStatusPageTest" name="VerifyaddStatusTypewithValidDataTest" time="2.508"/>
  <testcase classname="com.empire.qa.testcases.InventoryStatusPageTest" name="VerifyEditButtonBySearchStatusNameTest" time="3.502"/>
  <testcase classname="com.empire.qa.testcases.InventoryStatusPageTest" name="VerifyDeleteButtonBySearchStatusNameTest" time="2.491"/>
  <testcase classname="com.empire.qa.testcases.InventoryStatusPageTest" name="VerifyDeleteButtonByClickingYesTest" time="2.298"/>
  <testcase classname="com.empire.qa.testcases.HolidaysPageTest" name="VerifyBackBtnTest" time="0.661"/>
  <testcase classname="com.empire.qa.testcases.HolidaysPageTest" name="VerifyaddNewolidayswithInvalidDataTest" time="18.361">
    <failure type="org.openqa.selenium.NoSuchElementException" message="no such element: Unable to locate element: {&amp;quot;method&amp;quot;:&amp;quot;xpath&amp;quot;,&amp;quot;selector&amp;quot;:&amp;quot;//h1[text()=&amp;apos;Holidays&amp;apos;]&amp;quot;}
  (Session info: chrome=118.0.5993.120)
For documentation on this error, please visit: https://www.selenium.dev/documentation/webdriver/troubleshooting/errors#no-such-element-exception
Build info: version: &amp;apos;4.11.0&amp;apos;, revision: &amp;apos;040bc5406b&amp;apos;
System info: os.name: &amp;apos;Windows 11&amp;apos;, os.arch: &amp;apos;amd64&amp;apos;, os.version: &amp;apos;10.0&amp;apos;, java.version: &amp;apos;20.0.1&amp;apos;
Driver info: org.openqa.selenium.chrome.ChromeDriver
Command: [77aa171c1c30acfb582a43dab46525d3, findElement {using=xpath, value=//h1[text()=&amp;apos;Holidays&amp;apos;]}]
Capabilities {acceptInsecureCerts: false, browserName: chrome, browserVersion: 118.0.5993.120, chrome: {chromedriverVersion: 118.0.5993.70 (e52f33f30b91..., userDataDir: C:\Users\Admin\AppData\Loca...}, fedcm:accounts: true, goog:chromeOptions: {debuggerAddress: localhost:51117}, networkConnectionEnabled: false, pageLoadStrategy: normal, platformName: windows, proxy: Proxy(), se:cdp: ws://localhost:51117/devtoo..., se:cdpVersion: 118.0.5993.120, setWindowRect: true, strictFileInteractability: false, timeouts: {implicit: 0, pageLoad: 300000, script: 30000}, unhandledPromptBehavior: dismiss and notify, webauthn:extension:credBlob: true, webauthn:extension:largeBlob: true, webauthn:extension:minPinLength: true, webauthn:extension:prf: true, webauthn:virtualAuthenticators: true}
Session ID: 77aa171c1c30acfb582a43dab46525d3">
      <![CDATA[org.openqa.selenium.NoSuchElementException: no such element: Unable to locate element: {"method":"xpath","selector":"//h1[text()='Holidays']"}
  (Session info: chrome=118.0.5993.120)
For documentation on this error, please visit: https://www.selenium.dev/documentation/webdriver/troubleshooting/errors#no-such-element-exception
Build info: version: '4.11.0', revision: '040bc5406b'
System info: os.name: 'Windows 11', os.arch: 'amd64', os.version: '10.0', java.version: '20.0.1'
Driver info: org.openqa.selenium.chrome.ChromeDriver
Command: [77aa171c1c30acfb582a43dab46525d3, findElement {using=xpath, value=//h1[text()='Holidays']}]
Capabilities {acceptInsecureCerts: false, browserName: chrome, browserVersion: 118.0.5993.120, chrome: {chromedriverVersion: 118.0.5993.70 (e52f33f30b91..., userDataDir: C:\Users\Admin\AppData\Loca...}, fedcm:accounts: true, goog:chromeOptions: {debuggerAddress: localhost:51117}, networkConnectionEnabled: false, pageLoadStrategy: normal, platformName: windows, proxy: Proxy(), se:cdp: ws://localhost:51117/devtoo..., se:cdpVersion: 118.0.5993.120, setWindowRect: true, strictFileInteractability: false, timeouts: {implicit: 0, pageLoad: 300000, script: 30000}, unhandledPromptBehavior: dismiss and notify, webauthn:extension:credBlob: true, webauthn:extension:largeBlob: true, webauthn:extension:minPinLength: true, webauthn:extension:prf: true, webauthn:virtualAuthenticators: true}
Session ID: 77aa171c1c30acfb582a43dab46525d3
at org.openqa.selenium.remote.codec.w3c.W3CHttpResponseCodec.createException(W3CHttpResponseCodec.java:200)
at org.openqa.selenium.remote.codec.w3c.W3CHttpResponseCodec.decode(W3CHttpResponseCodec.java:133)
at org.openqa.selenium.remote.codec.w3c.W3CHttpResponseCodec.decode(W3CHttpResponseCodec.java:52)
at org.openqa.selenium.remote.HttpCommandExecutor.execute(HttpCommandExecutor.java:191)
at org.openqa.selenium.remote.service.DriverCommandExecutor.invokeExecute(DriverCommandExecutor.java:196)
at org.openqa.selenium.remote.service.DriverCommandExecutor.execute(DriverCommandExecutor.java:171)
at org.openqa.selenium.remote.RemoteWebDriver.execute(RemoteWebDriver.java:518)
at org.openqa.selenium.remote.ElementLocation$ElementFinder$2.findElement(ElementLocation.java:165)
at org.openqa.selenium.remote.ElementLocation.findElement(ElementLocation.java:59)
at org.openqa.selenium.remote.RemoteWebDriver.findElement(RemoteWebDriver.java:355)
at org.openqa.selenium.remote.RemoteWebDriver.findElement(RemoteWebDriver.java:349)
at org.openqa.selenium.support.events.EventFiringWebDriver.lambda$new$1(EventFiringWebDriver.java:107)
at jdk.proxy2/jdk.proxy2.$Proxy18.findElement(Unknown Source)
at org.openqa.selenium.support.events.EventFiringWebDriver.findElement(EventFiringWebDriver.java:194)
at org.openqa.selenium.support.pagefactory.DefaultElementLocator.findElement(DefaultElementLocator.java:68)
at org.openqa.selenium.support.pagefactory.internal.LocatingElementHandler.invoke(LocatingElementHandler.java:38)
at jdk.proxy2/jdk.proxy2.$Proxy22.isDisplayed(Unknown Source)
at com.empire.qa.pages.HolidaysPage.VerifyaddNewolidayswithInvalidData(HolidaysPage.java:109)
at com.empire.qa.testcases.HolidaysPageTest.VerifyaddNewolidayswithInvalidDataTest(HolidaysPageTest.java:63)
at java.base/java.util.ArrayList.forEach(ArrayList.java:1511)
... Removed 30 stack frames]]>
    </failure>
  </testcase> <!-- VerifyaddNewolidayswithInvalidDataTest -->
  <testcase classname="com.empire.qa.testcases.HolidaysPageTest" name="VerifyaddNewolidayswithoutDataTest" time="3.48"/>
  <testcase classname="com.empire.qa.testcases.HolidaysPageTest" name="VerifyholidayspageTitleTest" time="0.035"/>
  <testcase classname="com.empire.qa.testcases.HolidaysPageTest" name="VerifyaddNewolidayswithValidDataTest" time="20.3">
    <failure type="org.openqa.selenium.NoSuchElementException" message="no such element: Unable to locate element: {&amp;quot;method&amp;quot;:&amp;quot;xpath&amp;quot;,&amp;quot;selector&amp;quot;:&amp;quot;//h1[text()=&amp;apos;Holidays&amp;apos;]&amp;quot;}
  (Session info: chrome=118.0.5993.120)
For documentation on this error, please visit: https://www.selenium.dev/documentation/webdriver/troubleshooting/errors#no-such-element-exception
Build info: version: &amp;apos;4.11.0&amp;apos;, revision: &amp;apos;040bc5406b&amp;apos;
System info: os.name: &amp;apos;Windows 11&amp;apos;, os.arch: &amp;apos;amd64&amp;apos;, os.version: &amp;apos;10.0&amp;apos;, java.version: &amp;apos;20.0.1&amp;apos;
Driver info: org.openqa.selenium.chrome.ChromeDriver
Command: [57c854c61102087be0675fae8347e30a, findElement {using=xpath, value=//h1[text()=&amp;apos;Holidays&amp;apos;]}]
Capabilities {acceptInsecureCerts: false, browserName: chrome, browserVersion: 118.0.5993.120, chrome: {chromedriverVersion: 118.0.5993.70 (e52f33f30b91..., userDataDir: C:\Users\Admin\AppData\Loca...}, fedcm:accounts: true, goog:chromeOptions: {debuggerAddress: localhost:51265}, networkConnectionEnabled: false, pageLoadStrategy: normal, platformName: windows, proxy: Proxy(), se:cdp: ws://localhost:51265/devtoo..., se:cdpVersion: 118.0.5993.120, setWindowRect: true, strictFileInteractability: false, timeouts: {implicit: 0, pageLoad: 300000, script: 30000}, unhandledPromptBehavior: dismiss and notify, webauthn:extension:credBlob: true, webauthn:extension:largeBlob: true, webauthn:extension:minPinLength: true, webauthn:extension:prf: true, webauthn:virtualAuthenticators: true}
Session ID: 57c854c61102087be0675fae8347e30a">
      <![CDATA[org.openqa.selenium.NoSuchElementException: no such element: Unable to locate element: {"method":"xpath","selector":"//h1[text()='Holidays']"}
  (Session info: chrome=118.0.5993.120)
For documentation on this error, please visit: https://www.selenium.dev/documentation/webdriver/troubleshooting/errors#no-such-element-exception
Build info: version: '4.11.0', revision: '040bc5406b'
System info: os.name: 'Windows 11', os.arch: 'amd64', os.version: '10.0', java.version: '20.0.1'
Driver info: org.openqa.selenium.chrome.ChromeDriver
Command: [57c854c61102087be0675fae8347e30a, findElement {using=xpath, value=//h1[text()='Holidays']}]
Capabilities {acceptInsecureCerts: false, browserName: chrome, browserVersion: 118.0.5993.120, chrome: {chromedriverVersion: 118.0.5993.70 (e52f33f30b91..., userDataDir: C:\Users\Admin\AppData\Loca...}, fedcm:accounts: true, goog:chromeOptions: {debuggerAddress: localhost:51265}, networkConnectionEnabled: false, pageLoadStrategy: normal, platformName: windows, proxy: Proxy(), se:cdp: ws://localhost:51265/devtoo..., se:cdpVersion: 118.0.5993.120, setWindowRect: true, strictFileInteractability: false, timeouts: {implicit: 0, pageLoad: 300000, script: 30000}, unhandledPromptBehavior: dismiss and notify, webauthn:extension:credBlob: true, webauthn:extension:largeBlob: true, webauthn:extension:minPinLength: true, webauthn:extension:prf: true, webauthn:virtualAuthenticators: true}
Session ID: 57c854c61102087be0675fae8347e30a
at org.openqa.selenium.remote.codec.w3c.W3CHttpResponseCodec.createException(W3CHttpResponseCodec.java:200)
at org.openqa.selenium.remote.codec.w3c.W3CHttpResponseCodec.decode(W3CHttpResponseCodec.java:133)
at org.openqa.selenium.remote.codec.w3c.W3CHttpResponseCodec.decode(W3CHttpResponseCodec.java:52)
at org.openqa.selenium.remote.HttpCommandExecutor.execute(HttpCommandExecutor.java:191)
at org.openqa.selenium.remote.service.DriverCommandExecutor.invokeExecute(DriverCommandExecutor.java:196)
at org.openqa.selenium.remote.service.DriverCommandExecutor.execute(DriverCommandExecutor.java:171)
at org.openqa.selenium.remote.RemoteWebDriver.execute(RemoteWebDriver.java:518)
at org.openqa.selenium.remote.ElementLocation$ElementFinder$2.findElement(ElementLocation.java:165)
at org.openqa.selenium.remote.ElementLocation.findElement(ElementLocation.java:59)
at org.openqa.selenium.remote.RemoteWebDriver.findElement(RemoteWebDriver.java:355)
at org.openqa.selenium.remote.RemoteWebDriver.findElement(RemoteWebDriver.java:349)
at org.openqa.selenium.support.events.EventFiringWebDriver.lambda$new$1(EventFiringWebDriver.java:107)
at jdk.proxy2/jdk.proxy2.$Proxy18.findElement(Unknown Source)
at org.openqa.selenium.support.events.EventFiringWebDriver.findElement(EventFiringWebDriver.java:194)
at org.openqa.selenium.support.pagefactory.DefaultElementLocator.findElement(DefaultElementLocator.java:68)
at org.openqa.selenium.support.pagefactory.internal.LocatingElementHandler.invoke(LocatingElementHandler.java:38)
at jdk.proxy2/jdk.proxy2.$Proxy22.isDisplayed(Unknown Source)
at com.empire.qa.pages.HolidaysPage.VerifyaddNewolidayswithValidData(HolidaysPage.java:77)
at com.empire.qa.testcases.HolidaysPageTest.VerifyaddNewolidayswithValidDataTest(HolidaysPageTest.java:53)
at java.base/java.util.ArrayList.forEach(ArrayList.java:1511)
... Removed 30 stack frames]]>
    </failure>
  </testcase> <!-- VerifyaddNewolidayswithValidDataTest -->
  <testcase classname="com.empire.qa.testcases.HolidaysPageTest" name="VerifyEditButtonBySelectingHolidaysNameTest" time="2.256"/>
  <testcase classname="com.empire.qa.testcases.HolidaysPageTest" name="VerifyDeleteButtonBySelectingHolidaysNameTest" time="1.576"/>
  <testcase classname="com.empire.qa.testcases.HolidaysPageTest" name="VerifyDeleteButtonBySelectingHolidaysNameAndClickingYesTest" time="1.484"/>
  <testcase classname="com.empire.qa.testcases.SubCategoriesPageTest" name="VerifyBackBtnTest" time="0.674"/>
  <testcase classname="com.empire.qa.testcases.SubCategoriesPageTest" name="VerifySearchTextFieldTest" time="1.844">
    <failure type="org.openqa.selenium.StaleElementReferenceException" message="stale element reference: stale element not found
  (Session info: chrome=118.0.5993.120)
For documentation on this error, please visit: https://www.selenium.dev/documentation/webdriver/troubleshooting/errors#stale-element-reference-exception
Build info: version: &amp;apos;4.11.0&amp;apos;, revision: &amp;apos;040bc5406b&amp;apos;
System info: os.name: &amp;apos;Windows 11&amp;apos;, os.arch: &amp;apos;amd64&amp;apos;, os.version: &amp;apos;10.0&amp;apos;, java.version: &amp;apos;20.0.1&amp;apos;
Driver info: org.openqa.selenium.chrome.ChromeDriver
Command: [a4d062e64975a6e3da1feb28b44840cc, getElementText {id=26C1CC39B1CCC175D8178EB13D1E07AD_element_78}]
Capabilities {acceptInsecureCerts: false, browserName: chrome, browserVersion: 118.0.5993.120, chrome: {chromedriverVersion: 118.0.5993.70 (e52f33f30b91..., userDataDir: C:\Users\Admin\AppData\Loca...}, fedcm:accounts: true, goog:chromeOptions: {debuggerAddress: localhost:51508}, networkConnectionEnabled: false, pageLoadStrategy: normal, platformName: windows, proxy: Proxy(), se:cdp: ws://localhost:51508/devtoo..., se:cdpVersion: 118.0.5993.120, setWindowRect: true, strictFileInteractability: false, timeouts: {implicit: 0, pageLoad: 300000, script: 30000}, unhandledPromptBehavior: dismiss and notify, webauthn:extension:credBlob: true, webauthn:extension:largeBlob: true, webauthn:extension:minPinLength: true, webauthn:extension:prf: true, webauthn:virtualAuthenticators: true}
Element: [[ChromeDriver: chrome on windows (a4d062e64975a6e3da1feb28b44840cc)] -&amp;gt; xpath: //ul[@id=&amp;apos;select2-subcatDD-results&amp;apos;]//li]
Session ID: a4d062e64975a6e3da1feb28b44840cc">
      <![CDATA[org.openqa.selenium.StaleElementReferenceException: stale element reference: stale element not found
  (Session info: chrome=118.0.5993.120)
For documentation on this error, please visit: https://www.selenium.dev/documentation/webdriver/troubleshooting/errors#stale-element-reference-exception
Build info: version: '4.11.0', revision: '040bc5406b'
System info: os.name: 'Windows 11', os.arch: 'amd64', os.version: '10.0', java.version: '20.0.1'
Driver info: org.openqa.selenium.chrome.ChromeDriver
Command: [a4d062e64975a6e3da1feb28b44840cc, getElementText {id=26C1CC39B1CCC175D8178EB13D1E07AD_element_78}]
Capabilities {acceptInsecureCerts: false, browserName: chrome, browserVersion: 118.0.5993.120, chrome: {chromedriverVersion: 118.0.5993.70 (e52f33f30b91..., userDataDir: C:\Users\Admin\AppData\Loca...}, fedcm:accounts: true, goog:chromeOptions: {debuggerAddress: localhost:51508}, networkConnectionEnabled: false, pageLoadStrategy: normal, platformName: windows, proxy: Proxy(), se:cdp: ws://localhost:51508/devtoo..., se:cdpVersion: 118.0.5993.120, setWindowRect: true, strictFileInteractability: false, timeouts: {implicit: 0, pageLoad: 300000, script: 30000}, unhandledPromptBehavior: dismiss and notify, webauthn:extension:credBlob: true, webauthn:extension:largeBlob: true, webauthn:extension:minPinLength: true, webauthn:extension:prf: true, webauthn:virtualAuthenticators: true}
Element: [[ChromeDriver: chrome on windows (a4d062e64975a6e3da1feb28b44840cc)] -> xpath: //ul[@id='select2-subcatDD-results']//li]
Session ID: a4d062e64975a6e3da1feb28b44840cc
at org.openqa.selenium.remote.codec.w3c.W3CHttpResponseCodec.createException(W3CHttpResponseCodec.java:200)
at org.openqa.selenium.remote.codec.w3c.W3CHttpResponseCodec.decode(W3CHttpResponseCodec.java:133)
at org.openqa.selenium.remote.codec.w3c.W3CHttpResponseCodec.decode(W3CHttpResponseCodec.java:52)
at org.openqa.selenium.remote.HttpCommandExecutor.execute(HttpCommandExecutor.java:191)
at org.openqa.selenium.remote.service.DriverCommandExecutor.invokeExecute(DriverCommandExecutor.java:196)
at org.openqa.selenium.remote.service.DriverCommandExecutor.execute(DriverCommandExecutor.java:171)
at org.openqa.selenium.remote.RemoteWebDriver.execute(RemoteWebDriver.java:518)
at org.openqa.selenium.remote.RemoteWebElement.execute(RemoteWebElement.java:224)
at org.openqa.selenium.remote.RemoteWebElement.getText(RemoteWebElement.java:192)
at org.openqa.selenium.support.events.EventFiringWebDriver$EventFiringWebElement.lambda$new$0(EventFiringWebDriver.java:375)
at jdk.proxy2/jdk.proxy2.$Proxy23.getText(Unknown Source)
at org.openqa.selenium.support.events.EventFiringWebDriver$EventFiringWebElement.getText(EventFiringWebDriver.java:453)
at com.empire.qa.pages.SubCategoriesPage.VerifySearchTextField(SubCategoriesPage.java:234)
at com.empire.qa.testcases.SubCategoriesPageTest.VerifySearchTextFieldTest(SubCategoriesPageTest.java:114)
at java.base/java.util.ArrayList.forEach(ArrayList.java:1511)
... Removed 30 stack frames]]>
    </failure>
  </testcase> <!-- VerifySearchTextFieldTest -->
  <testcase classname="com.empire.qa.testcases.SubCategoriesPageTest" name="VerifySearchTextFieldWithInvalidDataTest" time="1.828">
    <failure type="org.openqa.selenium.StaleElementReferenceException" message="stale element reference: stale element not found
  (Session info: chrome=118.0.5993.120)
For documentation on this error, please visit: https://www.selenium.dev/documentation/webdriver/troubleshooting/errors#stale-element-reference-exception
Build info: version: &amp;apos;4.11.0&amp;apos;, revision: &amp;apos;040bc5406b&amp;apos;
System info: os.name: &amp;apos;Windows 11&amp;apos;, os.arch: &amp;apos;amd64&amp;apos;, os.version: &amp;apos;10.0&amp;apos;, java.version: &amp;apos;20.0.1&amp;apos;
Driver info: org.openqa.selenium.chrome.ChromeDriver
Command: [005466e1c3e3f32938095b843d66dbee, getElementText {id=5D23686EC8B8E83C90EB1CC5514793B6_element_78}]
Capabilities {acceptInsecureCerts: false, browserName: chrome, browserVersion: 118.0.5993.120, chrome: {chromedriverVersion: 118.0.5993.70 (e52f33f30b91..., userDataDir: C:\Users\Admin\AppData\Loca...}, fedcm:accounts: true, goog:chromeOptions: {debuggerAddress: localhost:51561}, networkConnectionEnabled: false, pageLoadStrategy: normal, platformName: windows, proxy: Proxy(), se:cdp: ws://localhost:51561/devtoo..., se:cdpVersion: 118.0.5993.120, setWindowRect: true, strictFileInteractability: false, timeouts: {implicit: 0, pageLoad: 300000, script: 30000}, unhandledPromptBehavior: dismiss and notify, webauthn:extension:credBlob: true, webauthn:extension:largeBlob: true, webauthn:extension:minPinLength: true, webauthn:extension:prf: true, webauthn:virtualAuthenticators: true}
Element: [[ChromeDriver: chrome on windows (005466e1c3e3f32938095b843d66dbee)] -&amp;gt; xpath: //ul[@id=&amp;apos;select2-subcatDD-results&amp;apos;]//li]
Session ID: 005466e1c3e3f32938095b843d66dbee">
      <![CDATA[org.openqa.selenium.StaleElementReferenceException: stale element reference: stale element not found
  (Session info: chrome=118.0.5993.120)
For documentation on this error, please visit: https://www.selenium.dev/documentation/webdriver/troubleshooting/errors#stale-element-reference-exception
Build info: version: '4.11.0', revision: '040bc5406b'
System info: os.name: 'Windows 11', os.arch: 'amd64', os.version: '10.0', java.version: '20.0.1'
Driver info: org.openqa.selenium.chrome.ChromeDriver
Command: [005466e1c3e3f32938095b843d66dbee, getElementText {id=5D23686EC8B8E83C90EB1CC5514793B6_element_78}]
Capabilities {acceptInsecureCerts: false, browserName: chrome, browserVersion: 118.0.5993.120, chrome: {chromedriverVersion: 118.0.5993.70 (e52f33f30b91..., userDataDir: C:\Users\Admin\AppData\Loca...}, fedcm:accounts: true, goog:chromeOptions: {debuggerAddress: localhost:51561}, networkConnectionEnabled: false, pageLoadStrategy: normal, platformName: windows, proxy: Proxy(), se:cdp: ws://localhost:51561/devtoo..., se:cdpVersion: 118.0.5993.120, setWindowRect: true, strictFileInteractability: false, timeouts: {implicit: 0, pageLoad: 300000, script: 30000}, unhandledPromptBehavior: dismiss and notify, webauthn:extension:credBlob: true, webauthn:extension:largeBlob: true, webauthn:extension:minPinLength: true, webauthn:extension:prf: true, webauthn:virtualAuthenticators: true}
Element: [[ChromeDriver: chrome on windows (005466e1c3e3f32938095b843d66dbee)] -> xpath: //ul[@id='select2-subcatDD-results']//li]
Session ID: 005466e1c3e3f32938095b843d66dbee
at org.openqa.selenium.remote.codec.w3c.W3CHttpResponseCodec.createException(W3CHttpResponseCodec.java:200)
at org.openqa.selenium.remote.codec.w3c.W3CHttpResponseCodec.decode(W3CHttpResponseCodec.java:133)
at org.openqa.selenium.remote.codec.w3c.W3CHttpResponseCodec.decode(W3CHttpResponseCodec.java:52)
at org.openqa.selenium.remote.HttpCommandExecutor.execute(HttpCommandExecutor.java:191)
at org.openqa.selenium.remote.service.DriverCommandExecutor.invokeExecute(DriverCommandExecutor.java:196)
at org.openqa.selenium.remote.service.DriverCommandExecutor.execute(DriverCommandExecutor.java:171)
at org.openqa.selenium.remote.RemoteWebDriver.execute(RemoteWebDriver.java:518)
at org.openqa.selenium.remote.RemoteWebElement.execute(RemoteWebElement.java:224)
at org.openqa.selenium.remote.RemoteWebElement.getText(RemoteWebElement.java:192)
at org.openqa.selenium.support.events.EventFiringWebDriver$EventFiringWebElement.lambda$new$0(EventFiringWebDriver.java:375)
at jdk.proxy2/jdk.proxy2.$Proxy23.getText(Unknown Source)
at org.openqa.selenium.support.events.EventFiringWebDriver$EventFiringWebElement.getText(EventFiringWebDriver.java:453)
at com.empire.qa.pages.SubCategoriesPage.VerifySearchTextFieldWithInvalidData(SubCategoriesPage.java:268)
at com.empire.qa.testcases.SubCategoriesPageTest.VerifySearchTextFieldWithInvalidDataTest(SubCategoriesPageTest.java:119)
at java.base/java.util.ArrayList.forEach(ArrayList.java:1511)
... Removed 30 stack frames]]>
    </failure>
  </testcase> <!-- VerifySearchTextFieldWithInvalidDataTest -->
  <testcase classname="com.empire.qa.testcases.SubCategoriesPageTest" name="VerifyShowEntriesDropdownTest" time="0.198"/>
  <testcase classname="com.empire.qa.testcases.SubCategoriesPageTest" name="VerifySnoSortingTest" time="0.422"/>
  <testcase classname="com.empire.qa.testcases.SubCategoriesPageTest" name="VerifySubCategoriesPageTitleTest" time="0.014"/>
  <testcase classname="com.empire.qa.testcases.SubCategoriesPageTest" name="VerifySubCategoriesTitleTextTest" time="0.063"/>
  <testcase classname="com.empire.qa.testcases.SubCategoriesPageTest" name="VerifySubCategoryNameSortingTest" time="0.463"/>
  <testcase classname="com.empire.qa.testcases.SubCategoriesPageTest" name="VerifyaddSubCategoryPagewithInvalidSubCategoryNameTest" time="3.31"/>
  <testcase classname="com.empire.qa.testcases.SubCategoriesPageTest" name="VerifyaddSubCategoryPagewithoutDataTest" time="2.425"/>
  <testcase classname="com.empire.qa.testcases.SubCategoriesPageTest" name="VerifyaddSubCategoryPagewithValidDataTest" time="3.159"/>
  <testcase classname="com.empire.qa.testcases.SubCategoriesPageTest" name="VerifyEditButtonBySearchSubCategoryNameTest" time="1.804">
    <failure type="org.openqa.selenium.StaleElementReferenceException" message="stale element reference: stale element not found
  (Session info: chrome=118.0.5993.120)
For documentation on this error, please visit: https://www.selenium.dev/documentation/webdriver/troubleshooting/errors#stale-element-reference-exception
Build info: version: &amp;apos;4.11.0&amp;apos;, revision: &amp;apos;040bc5406b&amp;apos;
System info: os.name: &amp;apos;Windows 11&amp;apos;, os.arch: &amp;apos;amd64&amp;apos;, os.version: &amp;apos;10.0&amp;apos;, java.version: &amp;apos;20.0.1&amp;apos;
Driver info: org.openqa.selenium.chrome.ChromeDriver
Command: [e515ca697fd5b266d0c2c94046d776a2, getElementText {id=FE2F64AC9372AA8C2C51C4E27FD2E150_element_78}]
Capabilities {acceptInsecureCerts: false, browserName: chrome, browserVersion: 118.0.5993.120, chrome: {chromedriverVersion: 118.0.5993.70 (e52f33f30b91..., userDataDir: C:\Users\Admin\AppData\Loca...}, fedcm:accounts: true, goog:chromeOptions: {debuggerAddress: localhost:52023}, networkConnectionEnabled: false, pageLoadStrategy: normal, platformName: windows, proxy: Proxy(), se:cdp: ws://localhost:52023/devtoo..., se:cdpVersion: 118.0.5993.120, setWindowRect: true, strictFileInteractability: false, timeouts: {implicit: 0, pageLoad: 300000, script: 30000}, unhandledPromptBehavior: dismiss and notify, webauthn:extension:credBlob: true, webauthn:extension:largeBlob: true, webauthn:extension:minPinLength: true, webauthn:extension:prf: true, webauthn:virtualAuthenticators: true}
Element: [[ChromeDriver: chrome on windows (e515ca697fd5b266d0c2c94046d776a2)] -&amp;gt; xpath: //ul[@id=&amp;apos;select2-subcatDD-results&amp;apos;]//li]
Session ID: e515ca697fd5b266d0c2c94046d776a2">
      <![CDATA[org.openqa.selenium.StaleElementReferenceException: stale element reference: stale element not found
  (Session info: chrome=118.0.5993.120)
For documentation on this error, please visit: https://www.selenium.dev/documentation/webdriver/troubleshooting/errors#stale-element-reference-exception
Build info: version: '4.11.0', revision: '040bc5406b'
System info: os.name: 'Windows 11', os.arch: 'amd64', os.version: '10.0', java.version: '20.0.1'
Driver info: org.openqa.selenium.chrome.ChromeDriver
Command: [e515ca697fd5b266d0c2c94046d776a2, getElementText {id=FE2F64AC9372AA8C2C51C4E27FD2E150_element_78}]
Capabilities {acceptInsecureCerts: false, browserName: chrome, browserVersion: 118.0.5993.120, chrome: {chromedriverVersion: 118.0.5993.70 (e52f33f30b91..., userDataDir: C:\Users\Admin\AppData\Loca...}, fedcm:accounts: true, goog:chromeOptions: {debuggerAddress: localhost:52023}, networkConnectionEnabled: false, pageLoadStrategy: normal, platformName: windows, proxy: Proxy(), se:cdp: ws://localhost:52023/devtoo..., se:cdpVersion: 118.0.5993.120, setWindowRect: true, strictFileInteractability: false, timeouts: {implicit: 0, pageLoad: 300000, script: 30000}, unhandledPromptBehavior: dismiss and notify, webauthn:extension:credBlob: true, webauthn:extension:largeBlob: true, webauthn:extension:minPinLength: true, webauthn:extension:prf: true, webauthn:virtualAuthenticators: true}
Element: [[ChromeDriver: chrome on windows (e515ca697fd5b266d0c2c94046d776a2)] -> xpath: //ul[@id='select2-subcatDD-results']//li]
Session ID: e515ca697fd5b266d0c2c94046d776a2
at org.openqa.selenium.remote.codec.w3c.W3CHttpResponseCodec.createException(W3CHttpResponseCodec.java:200)
at org.openqa.selenium.remote.codec.w3c.W3CHttpResponseCodec.decode(W3CHttpResponseCodec.java:133)
at org.openqa.selenium.remote.codec.w3c.W3CHttpResponseCodec.decode(W3CHttpResponseCodec.java:52)
at org.openqa.selenium.remote.HttpCommandExecutor.execute(HttpCommandExecutor.java:191)
at org.openqa.selenium.remote.service.DriverCommandExecutor.invokeExecute(DriverCommandExecutor.java:196)
at org.openqa.selenium.remote.service.DriverCommandExecutor.execute(DriverCommandExecutor.java:171)
at org.openqa.selenium.remote.RemoteWebDriver.execute(RemoteWebDriver.java:518)
at org.openqa.selenium.remote.RemoteWebElement.execute(RemoteWebElement.java:224)
at org.openqa.selenium.remote.RemoteWebElement.getText(RemoteWebElement.java:192)
at org.openqa.selenium.support.events.EventFiringWebDriver$EventFiringWebElement.lambda$new$0(EventFiringWebDriver.java:375)
at jdk.proxy2/jdk.proxy2.$Proxy23.getText(Unknown Source)
at org.openqa.selenium.support.events.EventFiringWebDriver$EventFiringWebElement.getText(EventFiringWebDriver.java:453)
at com.empire.qa.pages.SubCategoriesPage.VerifyEditButtonBySearchSubCategoryName(SubCategoriesPage.java:163)
at com.empire.qa.testcases.SubCategoriesPageTest.VerifyEditButtonBySearchSubCategoryNameTest(SubCategoriesPageTest.java:99)
at java.base/java.util.ArrayList.forEach(ArrayList.java:1511)
... Removed 30 stack frames]]>
    </failure>
  </testcase> <!-- VerifyEditButtonBySearchSubCategoryNameTest -->
  <testcase classname="com.empire.qa.testcases.SubCategoriesPageTest" name="VerifyDeleteButtonBySearchSubCategoryNameTest" time="1.838">
    <failure type="org.openqa.selenium.StaleElementReferenceException" message="stale element reference: stale element not found
  (Session info: chrome=118.0.5993.120)
For documentation on this error, please visit: https://www.selenium.dev/documentation/webdriver/troubleshooting/errors#stale-element-reference-exception
Build info: version: &amp;apos;4.11.0&amp;apos;, revision: &amp;apos;040bc5406b&amp;apos;
System info: os.name: &amp;apos;Windows 11&amp;apos;, os.arch: &amp;apos;amd64&amp;apos;, os.version: &amp;apos;10.0&amp;apos;, java.version: &amp;apos;20.0.1&amp;apos;
Driver info: org.openqa.selenium.chrome.ChromeDriver
Command: [03b1287a82e509e909ba9ebc45d5324f, getElementText {id=DA3A77AB8F3BA7C62842E90083EF8F51_element_86}]
Capabilities {acceptInsecureCerts: false, browserName: chrome, browserVersion: 118.0.5993.120, chrome: {chromedriverVersion: 118.0.5993.70 (e52f33f30b91..., userDataDir: C:\Users\Admin\AppData\Loca...}, fedcm:accounts: true, goog:chromeOptions: {debuggerAddress: localhost:52077}, networkConnectionEnabled: false, pageLoadStrategy: normal, platformName: windows, proxy: Proxy(), se:cdp: ws://localhost:52077/devtoo..., se:cdpVersion: 118.0.5993.120, setWindowRect: true, strictFileInteractability: false, timeouts: {implicit: 0, pageLoad: 300000, script: 30000}, unhandledPromptBehavior: dismiss and notify, webauthn:extension:credBlob: true, webauthn:extension:largeBlob: true, webauthn:extension:minPinLength: true, webauthn:extension:prf: true, webauthn:virtualAuthenticators: true}
Element: [[ChromeDriver: chrome on windows (03b1287a82e509e909ba9ebc45d5324f)] -&amp;gt; xpath: //ul[@id=&amp;apos;select2-subcatDD-results&amp;apos;]//li]
Session ID: 03b1287a82e509e909ba9ebc45d5324f">
      <![CDATA[org.openqa.selenium.StaleElementReferenceException: stale element reference: stale element not found
  (Session info: chrome=118.0.5993.120)
For documentation on this error, please visit: https://www.selenium.dev/documentation/webdriver/troubleshooting/errors#stale-element-reference-exception
Build info: version: '4.11.0', revision: '040bc5406b'
System info: os.name: 'Windows 11', os.arch: 'amd64', os.version: '10.0', java.version: '20.0.1'
Driver info: org.openqa.selenium.chrome.ChromeDriver
Command: [03b1287a82e509e909ba9ebc45d5324f, getElementText {id=DA3A77AB8F3BA7C62842E90083EF8F51_element_86}]
Capabilities {acceptInsecureCerts: false, browserName: chrome, browserVersion: 118.0.5993.120, chrome: {chromedriverVersion: 118.0.5993.70 (e52f33f30b91..., userDataDir: C:\Users\Admin\AppData\Loca...}, fedcm:accounts: true, goog:chromeOptions: {debuggerAddress: localhost:52077}, networkConnectionEnabled: false, pageLoadStrategy: normal, platformName: windows, proxy: Proxy(), se:cdp: ws://localhost:52077/devtoo..., se:cdpVersion: 118.0.5993.120, setWindowRect: true, strictFileInteractability: false, timeouts: {implicit: 0, pageLoad: 300000, script: 30000}, unhandledPromptBehavior: dismiss and notify, webauthn:extension:credBlob: true, webauthn:extension:largeBlob: true, webauthn:extension:minPinLength: true, webauthn:extension:prf: true, webauthn:virtualAuthenticators: true}
Element: [[ChromeDriver: chrome on windows (03b1287a82e509e909ba9ebc45d5324f)] -> xpath: //ul[@id='select2-subcatDD-results']//li]
Session ID: 03b1287a82e509e909ba9ebc45d5324f
at org.openqa.selenium.remote.codec.w3c.W3CHttpResponseCodec.createException(W3CHttpResponseCodec.java:200)
at org.openqa.selenium.remote.codec.w3c.W3CHttpResponseCodec.decode(W3CHttpResponseCodec.java:133)
at org.openqa.selenium.remote.codec.w3c.W3CHttpResponseCodec.decode(W3CHttpResponseCodec.java:52)
at org.openqa.selenium.remote.HttpCommandExecutor.execute(HttpCommandExecutor.java:191)
at org.openqa.selenium.remote.service.DriverCommandExecutor.invokeExecute(DriverCommandExecutor.java:196)
at org.openqa.selenium.remote.service.DriverCommandExecutor.execute(DriverCommandExecutor.java:171)
at org.openqa.selenium.remote.RemoteWebDriver.execute(RemoteWebDriver.java:518)
at org.openqa.selenium.remote.RemoteWebElement.execute(RemoteWebElement.java:224)
at org.openqa.selenium.remote.RemoteWebElement.getText(RemoteWebElement.java:192)
at org.openqa.selenium.support.events.EventFiringWebDriver$EventFiringWebElement.lambda$new$0(EventFiringWebDriver.java:375)
at jdk.proxy2/jdk.proxy2.$Proxy23.getText(Unknown Source)
at org.openqa.selenium.support.events.EventFiringWebDriver$EventFiringWebElement.getText(EventFiringWebDriver.java:453)
at com.empire.qa.pages.SubCategoriesPage.VerifyDeleteButtonBySearchSubCategoryName(SubCategoriesPage.java:186)
at com.empire.qa.testcases.SubCategoriesPageTest.VerifyDeleteButtonBySearchSubCategoryNameTest(SubCategoriesPageTest.java:104)
at java.base/java.util.ArrayList.forEach(ArrayList.java:1511)
... Removed 30 stack frames]]>
    </failure>
  </testcase> <!-- VerifyDeleteButtonBySearchSubCategoryNameTest -->
  <testcase classname="com.empire.qa.testcases.SubCategoriesPageTest" name="VerifyDeleteButtonByClickingYesTest" time="1.845">
    <failure type="org.openqa.selenium.StaleElementReferenceException" message="stale element reference: stale element not found
  (Session info: chrome=118.0.5993.120)
For documentation on this error, please visit: https://www.selenium.dev/documentation/webdriver/troubleshooting/errors#stale-element-reference-exception
Build info: version: &amp;apos;4.11.0&amp;apos;, revision: &amp;apos;040bc5406b&amp;apos;
System info: os.name: &amp;apos;Windows 11&amp;apos;, os.arch: &amp;apos;amd64&amp;apos;, os.version: &amp;apos;10.0&amp;apos;, java.version: &amp;apos;20.0.1&amp;apos;
Driver info: org.openqa.selenium.chrome.ChromeDriver
Command: [c6949956d45f0020cb69135d28c61dc9, getElementText {id=01C2193080FE2924013F22F4A59ADF8B_element_78}]
Capabilities {acceptInsecureCerts: false, browserName: chrome, browserVersion: 118.0.5993.120, chrome: {chromedriverVersion: 118.0.5993.70 (e52f33f30b91..., userDataDir: C:\Users\Admin\AppData\Loca...}, fedcm:accounts: true, goog:chromeOptions: {debuggerAddress: localhost:52128}, networkConnectionEnabled: false, pageLoadStrategy: normal, platformName: windows, proxy: Proxy(), se:cdp: ws://localhost:52128/devtoo..., se:cdpVersion: 118.0.5993.120, setWindowRect: true, strictFileInteractability: false, timeouts: {implicit: 0, pageLoad: 300000, script: 30000}, unhandledPromptBehavior: dismiss and notify, webauthn:extension:credBlob: true, webauthn:extension:largeBlob: true, webauthn:extension:minPinLength: true, webauthn:extension:prf: true, webauthn:virtualAuthenticators: true}
Element: [[ChromeDriver: chrome on windows (c6949956d45f0020cb69135d28c61dc9)] -&amp;gt; xpath: //ul[@id=&amp;apos;select2-subcatDD-results&amp;apos;]//li]
Session ID: c6949956d45f0020cb69135d28c61dc9">
      <![CDATA[org.openqa.selenium.StaleElementReferenceException: stale element reference: stale element not found
  (Session info: chrome=118.0.5993.120)
For documentation on this error, please visit: https://www.selenium.dev/documentation/webdriver/troubleshooting/errors#stale-element-reference-exception
Build info: version: '4.11.0', revision: '040bc5406b'
System info: os.name: 'Windows 11', os.arch: 'amd64', os.version: '10.0', java.version: '20.0.1'
Driver info: org.openqa.selenium.chrome.ChromeDriver
Command: [c6949956d45f0020cb69135d28c61dc9, getElementText {id=01C2193080FE2924013F22F4A59ADF8B_element_78}]
Capabilities {acceptInsecureCerts: false, browserName: chrome, browserVersion: 118.0.5993.120, chrome: {chromedriverVersion: 118.0.5993.70 (e52f33f30b91..., userDataDir: C:\Users\Admin\AppData\Loca...}, fedcm:accounts: true, goog:chromeOptions: {debuggerAddress: localhost:52128}, networkConnectionEnabled: false, pageLoadStrategy: normal, platformName: windows, proxy: Proxy(), se:cdp: ws://localhost:52128/devtoo..., se:cdpVersion: 118.0.5993.120, setWindowRect: true, strictFileInteractability: false, timeouts: {implicit: 0, pageLoad: 300000, script: 30000}, unhandledPromptBehavior: dismiss and notify, webauthn:extension:credBlob: true, webauthn:extension:largeBlob: true, webauthn:extension:minPinLength: true, webauthn:extension:prf: true, webauthn:virtualAuthenticators: true}
Element: [[ChromeDriver: chrome on windows (c6949956d45f0020cb69135d28c61dc9)] -> xpath: //ul[@id='select2-subcatDD-results']//li]
Session ID: c6949956d45f0020cb69135d28c61dc9
at org.openqa.selenium.remote.codec.w3c.W3CHttpResponseCodec.createException(W3CHttpResponseCodec.java:200)
at org.openqa.selenium.remote.codec.w3c.W3CHttpResponseCodec.decode(W3CHttpResponseCodec.java:133)
at org.openqa.selenium.remote.codec.w3c.W3CHttpResponseCodec.decode(W3CHttpResponseCodec.java:52)
at org.openqa.selenium.remote.HttpCommandExecutor.execute(HttpCommandExecutor.java:191)
at org.openqa.selenium.remote.service.DriverCommandExecutor.invokeExecute(DriverCommandExecutor.java:196)
at org.openqa.selenium.remote.service.DriverCommandExecutor.execute(DriverCommandExecutor.java:171)
at org.openqa.selenium.remote.RemoteWebDriver.execute(RemoteWebDriver.java:518)
at org.openqa.selenium.remote.RemoteWebElement.execute(RemoteWebElement.java:224)
at org.openqa.selenium.remote.RemoteWebElement.getText(RemoteWebElement.java:192)
at org.openqa.selenium.support.events.EventFiringWebDriver$EventFiringWebElement.lambda$new$0(EventFiringWebDriver.java:375)
at jdk.proxy2/jdk.proxy2.$Proxy23.getText(Unknown Source)
at org.openqa.selenium.support.events.EventFiringWebDriver$EventFiringWebElement.getText(EventFiringWebDriver.java:453)
at com.empire.qa.pages.SubCategoriesPage.VerifyDeleteButtonByClickingYes(SubCategoriesPage.java:212)
at com.empire.qa.testcases.SubCategoriesPageTest.VerifyDeleteButtonByClickingYesTest(SubCategoriesPageTest.java:109)
at java.base/java.util.ArrayList.forEach(ArrayList.java:1511)
... Removed 30 stack frames]]>
    </failure>
  </testcase> <!-- VerifyDeleteButtonByClickingYesTest -->
  <testcase classname="com.empire.qa.testcases.ShiftsPageTest" name="VerifyBackBtnTest" time="0.705"/>
  <testcase classname="com.empire.qa.testcases.ShiftsPageTest" name="VerifyNextPageBtnTest" time="0.498"/>
  <testcase classname="com.empire.qa.testcases.ShiftsPageTest" name="VerifyPage3BtnTest" time="0.425"/>
  <testcase classname="com.empire.qa.testcases.ShiftsPageTest" name="VerifyPreviousPageBtnTest" time="0.554"/>
  <testcase classname="com.empire.qa.testcases.ShiftsPageTest" name="VerifySearchTextFieldTest" time="15.716"/>
  <testcase classname="com.empire.qa.testcases.ShiftsPageTest" name="VerifySearchTextFieldWithInvalidDataTest" time="0.191"/>
  <testcase classname="com.empire.qa.testcases.ShiftsPageTest" name="VerifyShiftNameSortingTest" time="0.451"/>
  <testcase classname="com.empire.qa.testcases.ShiftsPageTest" name="VerifyShowEntriesDropdownTest" time="0.206"/>
  <testcase classname="com.empire.qa.testcases.ShiftsPageTest" name="VerifySnoSortingTest" time="0.461"/>
  <testcase classname="com.empire.qa.testcases.ShiftsPageTest" name="VerifyToTopArrowBtnTest" time="0.468"/>
  <testcase classname="com.empire.qa.testcases.ShiftsPageTest" name="VerifyaddNewShiftwithInvalidShiftNameTest" time="2.333"/>
  <testcase classname="com.empire.qa.testcases.ShiftsPageTest" name="VerifyaddNewShiftwithoutDataTest" time="4.37"/>
  <testcase classname="com.empire.qa.testcases.ShiftsPageTest" name="VerifyshiftspageTitleTest" time="0.017"/>
  <testcase classname="com.empire.qa.testcases.ShiftsPageTest" name="VerifyaddNewShiftwithValidDataTest" time="19.689">
    <failure type="org.openqa.selenium.NoSuchElementException" message="no such element: Unable to locate element: {&amp;quot;method&amp;quot;:&amp;quot;xpath&amp;quot;,&amp;quot;selector&amp;quot;:&amp;quot;//h1[text()=&amp;apos;Holidays&amp;apos;]&amp;quot;}
  (Session info: chrome=118.0.5993.120)
For documentation on this error, please visit: https://www.selenium.dev/documentation/webdriver/troubleshooting/errors#no-such-element-exception
Build info: version: &amp;apos;4.11.0&amp;apos;, revision: &amp;apos;040bc5406b&amp;apos;
System info: os.name: &amp;apos;Windows 11&amp;apos;, os.arch: &amp;apos;amd64&amp;apos;, os.version: &amp;apos;10.0&amp;apos;, java.version: &amp;apos;20.0.1&amp;apos;
Driver info: org.openqa.selenium.chrome.ChromeDriver
Command: [e59564d526e274ac223d4d8b58283aa5, findElement {using=xpath, value=//h1[text()=&amp;apos;Holidays&amp;apos;]}]
Capabilities {acceptInsecureCerts: false, browserName: chrome, browserVersion: 118.0.5993.120, chrome: {chromedriverVersion: 118.0.5993.70 (e52f33f30b91..., userDataDir: C:\Users\Admin\AppData\Loca...}, fedcm:accounts: true, goog:chromeOptions: {debuggerAddress: localhost:52797}, networkConnectionEnabled: false, pageLoadStrategy: normal, platformName: windows, proxy: Proxy(), se:cdp: ws://localhost:52797/devtoo..., se:cdpVersion: 118.0.5993.120, setWindowRect: true, strictFileInteractability: false, timeouts: {implicit: 0, pageLoad: 300000, script: 30000}, unhandledPromptBehavior: dismiss and notify, webauthn:extension:credBlob: true, webauthn:extension:largeBlob: true, webauthn:extension:minPinLength: true, webauthn:extension:prf: true, webauthn:virtualAuthenticators: true}
Session ID: e59564d526e274ac223d4d8b58283aa5">
      <![CDATA[org.openqa.selenium.NoSuchElementException: no such element: Unable to locate element: {"method":"xpath","selector":"//h1[text()='Holidays']"}
  (Session info: chrome=118.0.5993.120)
For documentation on this error, please visit: https://www.selenium.dev/documentation/webdriver/troubleshooting/errors#no-such-element-exception
Build info: version: '4.11.0', revision: '040bc5406b'
System info: os.name: 'Windows 11', os.arch: 'amd64', os.version: '10.0', java.version: '20.0.1'
Driver info: org.openqa.selenium.chrome.ChromeDriver
Command: [e59564d526e274ac223d4d8b58283aa5, findElement {using=xpath, value=//h1[text()='Holidays']}]
Capabilities {acceptInsecureCerts: false, browserName: chrome, browserVersion: 118.0.5993.120, chrome: {chromedriverVersion: 118.0.5993.70 (e52f33f30b91..., userDataDir: C:\Users\Admin\AppData\Loca...}, fedcm:accounts: true, goog:chromeOptions: {debuggerAddress: localhost:52797}, networkConnectionEnabled: false, pageLoadStrategy: normal, platformName: windows, proxy: Proxy(), se:cdp: ws://localhost:52797/devtoo..., se:cdpVersion: 118.0.5993.120, setWindowRect: true, strictFileInteractability: false, timeouts: {implicit: 0, pageLoad: 300000, script: 30000}, unhandledPromptBehavior: dismiss and notify, webauthn:extension:credBlob: true, webauthn:extension:largeBlob: true, webauthn:extension:minPinLength: true, webauthn:extension:prf: true, webauthn:virtualAuthenticators: true}
Session ID: e59564d526e274ac223d4d8b58283aa5
at org.openqa.selenium.remote.codec.w3c.W3CHttpResponseCodec.createException(W3CHttpResponseCodec.java:200)
at org.openqa.selenium.remote.codec.w3c.W3CHttpResponseCodec.decode(W3CHttpResponseCodec.java:133)
at org.openqa.selenium.remote.codec.w3c.W3CHttpResponseCodec.decode(W3CHttpResponseCodec.java:52)
at org.openqa.selenium.remote.HttpCommandExecutor.execute(HttpCommandExecutor.java:191)
at org.openqa.selenium.remote.service.DriverCommandExecutor.invokeExecute(DriverCommandExecutor.java:196)
at org.openqa.selenium.remote.service.DriverCommandExecutor.execute(DriverCommandExecutor.java:171)
at org.openqa.selenium.remote.RemoteWebDriver.execute(RemoteWebDriver.java:518)
at org.openqa.selenium.remote.ElementLocation$ElementFinder$2.findElement(ElementLocation.java:165)
at org.openqa.selenium.remote.ElementLocation.findElement(ElementLocation.java:59)
at org.openqa.selenium.remote.RemoteWebDriver.findElement(RemoteWebDriver.java:355)
at org.openqa.selenium.remote.RemoteWebDriver.findElement(RemoteWebDriver.java:349)
at org.openqa.selenium.support.events.EventFiringWebDriver.lambda$new$1(EventFiringWebDriver.java:107)
at jdk.proxy2/jdk.proxy2.$Proxy18.findElement(Unknown Source)
at org.openqa.selenium.support.events.EventFiringWebDriver.findElement(EventFiringWebDriver.java:194)
at org.openqa.selenium.support.pagefactory.DefaultElementLocator.findElement(DefaultElementLocator.java:68)
at org.openqa.selenium.support.pagefactory.internal.LocatingElementHandler.invoke(LocatingElementHandler.java:38)
at jdk.proxy2/jdk.proxy2.$Proxy22.isDisplayed(Unknown Source)
at com.empire.qa.pages.ShiftsPage.VerifyaddNewShiftwithValidData(ShiftsPage.java:98)
at com.empire.qa.testcases.ShiftsPageTest.VerifyaddNewShiftwithValidDataTest(ShiftsPageTest.java:50)
at java.base/java.util.ArrayList.forEach(ArrayList.java:1511)
... Removed 30 stack frames]]>
    </failure>
  </testcase> <!-- VerifyaddNewShiftwithValidDataTest -->
  <testcase classname="com.empire.qa.testcases.ShiftsPageTest" name="VerifyEditButtonBySearchShiftNameTest" time="3.227"/>
  <testcase classname="com.empire.qa.testcases.ShiftsPageTest" name="VerifyDeleteButtonBySearchShiftNameTest" time="2.338"/>
  <testcase classname="com.empire.qa.testcases.ShiftsPageTest" name="VerifyDeleteButtonByClickingYesTest" time="2.332"/>
  <testcase classname="com.empire.qa.testcases.CategoryTypesPageTest" name="VerifyBackBtnTest" time="0.645"/>
  <testcase classname="com.empire.qa.testcases.CategoryTypesPageTest" name="VerifyCategoryNameSortingTest" time="0.496"/>
  <testcase classname="com.empire.qa.testcases.CategoryTypesPageTest" name="VerifyCategoryTypesPageTitleTest" time="0.017"/>
  <testcase classname="com.empire.qa.testcases.CategoryTypesPageTest" name="VerifyNextPageBtnTest" time="0.532"/>
  <testcase classname="com.empire.qa.testcases.CategoryTypesPageTest" name="VerifyPreviousPageBtnTest" time="0.568"/>
  <testcase classname="com.empire.qa.testcases.CategoryTypesPageTest" name="VerifySearchTextFieldTest" time="15.437"/>
  <testcase classname="com.empire.qa.testcases.CategoryTypesPageTest" name="VerifySearchTextFieldWithInvalidDataTest" time="0.195"/>
  <testcase classname="com.empire.qa.testcases.CategoryTypesPageTest" name="VerifyShowEntriesDropdownTest" time="0.149"/>
  <testcase classname="com.empire.qa.testcases.CategoryTypesPageTest" name="VerifySnoSortingTest" time="0.486"/>
  <testcase classname="com.empire.qa.testcases.CategoryTypesPageTest" name="VerifyToTopArrowBtnTest" time="0.459"/>
  <testcase classname="com.empire.qa.testcases.CategoryTypesPageTest" name="VerifyaddNewCategoryPagewithInvalidCategoryNameTest" time="2.518"/>
  <testcase classname="com.empire.qa.testcases.CategoryTypesPageTest" name="VerifyaddNewCategoryPagewithoutDataTest" time="2.374"/>
  <testcase classname="com.empire.qa.testcases.CategoryTypesPageTest" name="VerifyaddNewCategoryPagewithValidDataTest" time="2.58"/>
  <testcase classname="com.empire.qa.testcases.CategoryTypesPageTest" name="VerifyEditButtonBySearch_CategoryNameTest" time="3.288"/>
  <testcase classname="com.empire.qa.testcases.CategoryTypesPageTest" name="VerifyDeleteButtonBySearch_TypeNameTest" time="2.392"/>
  <testcase classname="com.empire.qa.testcases.CategoryTypesPageTest" name="VerifyDeleteButtonByClickingYesTest" time="2.313"/>
  <testcase classname="com.empire.qa.testcases.HomePageTest" name="verifyEhomepageTitleTest" time="0.015"/>
  <testcase classname="com.empire.qa.testcases.HomePageTest" name="verifyEhomepageTest" time="9.696"/>
  <testcase classname="com.empire.qa.testcases.AddInventoryTest" name="VerifyAddInventoryPageTest" time="6.993"/>
  <testcase classname="com.empire.qa.testcases.AddInventoryTest" name="VerifyAddInventoryPageTest" time="6.117"/>
  <testcase classname="com.empire.qa.testcases.AddInventoryTest" name="VerifyAddInventoryPageTitleTest" time="0.015"/>
  <testcase classname="com.empire.qa.testcases.LoginPageTest" name="VerifyEhomeTitleTest" time="0.015"/>
  <testcase classname="com.empire.qa.testcases.LoginPageTest" name="VerifyEhomeImageTest" time="0.035"/>
  <testcase classname="com.empire.qa.testcases.LoginPageTest" name="VerifyLoginPageTest" time="1.829"/>
  <testcase classname="com.empire.qa.testcases.LocationTypesPageTest" name="VerifyBackBtnTest" time="0.679"/>
  <testcase classname="com.empire.qa.testcases.LocationTypesPageTest" name="VerifyLocationNameSortingTest" time="0.515"/>
  <testcase classname="com.empire.qa.testcases.LocationTypesPageTest" name="VerifyNextPageBtnTest" time="0.437"/>
  <testcase classname="com.empire.qa.testcases.LocationTypesPageTest" name="VerifyPage3BtnTest" time="0.533"/>
  <testcase classname="com.empire.qa.testcases.LocationTypesPageTest" name="VerifyPreviousPageBtnTest" time="0.5"/>
  <testcase classname="com.empire.qa.testcases.LocationTypesPageTest" name="VerifySearchTextFieldTest" time="0.0">
    <skipped/>
  </testcase> <!-- VerifySearchTextFieldTest -->
  <testcase classname="com.empire.qa.testcases.LocationTypesPageTest" name="VerifySearchTextFieldWithInvalidDataTest" time="0.0">
    <skipped/>
  </testcase> <!-- VerifySearchTextFieldWithInvalidDataTest -->
  <testcase classname="com.empire.qa.testcases.LocationTypesPageTest" name="VerifyShowEntriesDropdownTest" time="0.0">
    <skipped/>
  </testcase> <!-- VerifyShowEntriesDropdownTest -->
  <testcase classname="com.empire.qa.testcases.LocationTypesPageTest" name="VerifySnoSortingTest" time="0.0">
    <skipped/>
  </testcase> <!-- VerifySnoSortingTest -->
  <testcase classname="com.empire.qa.testcases.LocationTypesPageTest" name="VerifyToTopArrowBtnTest" time="0.0">
    <skipped/>
  </testcase> <!-- VerifyToTopArrowBtnTest -->
  <testcase classname="com.empire.qa.testcases.LocationTypesPageTest" name="VerifyaddNewLocationwithInvalidLocationNameTest" time="0.0">
    <skipped/>
  </testcase> <!-- VerifyaddNewLocationwithInvalidLocationNameTest -->
  <testcase classname="com.empire.qa.testcases.LocationTypesPageTest" name="VerifyaddNewLocationwithoutDataTest" time="0.0">
    <skipped/>
  </testcase> <!-- VerifyaddNewLocationwithoutDataTest -->
  <testcase classname="com.empire.qa.testcases.LocationTypesPageTest" name="VerifylocationtypespageTitleTest" time="0.0">
    <skipped/>
  </testcase> <!-- VerifylocationtypespageTitleTest -->
  <testcase classname="com.empire.qa.testcases.LocationTypesPageTest" name="VerifyaddNewLocationwithValidDataTest" time="0.0">
    <skipped/>
  </testcase> <!-- VerifyaddNewLocationwithValidDataTest -->
  <testcase classname="com.empire.qa.testcases.LocationTypesPageTest" name="VerifyEditButtonBySearchLocationNameTest" time="0.0">
    <skipped/>
  </testcase> <!-- VerifyEditButtonBySearchLocationNameTest -->
  <testcase classname="com.empire.qa.testcases.LocationTypesPageTest" name="VerifyDeleteButtonBySearchLocationNameTest" time="0.0">
    <skipped/>
  </testcase> <!-- VerifyDeleteButtonBySearchLocationNameTest -->
  <testcase classname="com.empire.qa.testcases.LocationTypesPageTest" name="VerifyDeleteButtonByClickingYesTest" time="0.0">
    <skipped/>
  </testcase> <!-- VerifyDeleteButtonByClickingYesTest -->
  <testcase classname="com.empire.qa.testcases.MrpFactorsPageTest" name="VerifyBackBtnTest" time="1.244"/>
  <testcase classname="com.empire.qa.testcases.MrpFactorsPageTest" name="VerifyFactorNameSortingTest" time="0.462"/>
  <testcase classname="com.empire.qa.testcases.MrpFactorsPageTest" name="VerifyFactorValueSortingTest" time="0.517"/>
  <testcase classname="com.empire.qa.testcases.MrpFactorsPageTest" name="VerifyNextPageBtnTest" time="0.478"/>
  <testcase classname="com.empire.qa.testcases.MrpFactorsPageTest" name="VerifyPage2BtnTest" time="0.469"/>
  <testcase classname="com.empire.qa.testcases.MrpFactorsPageTest" name="VerifyPreviousPageBtnTest" time="0.522"/>
  <testcase classname="com.empire.qa.testcases.MrpFactorsPageTest" name="VerifySearchTextFieldTest" time="15.782"/>
  <testcase classname="com.empire.qa.testcases.MrpFactorsPageTest" name="VerifySearchTextFieldWithInvalidDataTest" time="0.209"/>
  <testcase classname="com.empire.qa.testcases.MrpFactorsPageTest" name="VerifyShowEntriesDropdownTest" time="0.234"/>
  <testcase classname="com.empire.qa.testcases.MrpFactorsPageTest" name="VerifySnoSortingTest" time="0.408"/>
  <testcase classname="com.empire.qa.testcases.MrpFactorsPageTest" name="VerifyToTopArrowBtnTest" time="0.476"/>
  <testcase classname="com.empire.qa.testcases.MrpFactorsPageTest" name="VerifyaddNewMrpFactorwithInvalidFactorValueTest" time="3.03"/>
  <testcase classname="com.empire.qa.testcases.MrpFactorsPageTest" name="VerifyaddNewMrpFactorwithoutDataTest" time="2.478"/>
  <testcase classname="com.empire.qa.testcases.MrpFactorsPageTest" name="VerifymrpfactorspageTitleTest" time="0.033"/>
  <testcase classname="com.empire.qa.testcases.MrpFactorsPageTest" name="VerifyaddNewMrpFactorwithValidDataTest" time="3.446"/>
  <testcase classname="com.empire.qa.testcases.MrpFactorsPageTest" name="VerifyEditButtonBySearchFactorNameTest" time="3.933"/>
  <testcase classname="com.empire.qa.testcases.MrpFactorsPageTest" name="VerifyDeleteButtonBySearchFactorNameTest" time="2.366"/>
  <testcase classname="com.empire.qa.testcases.MrpFactorsPageTest" name="VerifyDeleteButtonByClickingYesTest" time="2.266"/>
</testsuite> <!-- Test -->
