<?xml version="1.0" encoding="UTF-8"?>
<!-- Generated by org.testng.reporters.JUnitReportReporter -->
<testsuite hostname="Sanjay" failures="0" tests="22" name="com.empire.qa.testcases.UserTypesPageTest" time="179.708" errors="1" timestamp="2023-12-24T15:27:02 IST" skipped="11">
  <testcase classname="com.empire.qa.testcases.UserTypesPageTest" name="VerifyBackBtnTest" time="14.532"/>
  <system-out/>
  <testcase classname="com.empire.qa.testcases.UserTypesPageTest" name="VerifyPreviousPageBtnTest" time="13.818"/>
  <system-out/>
  <testcase classname="com.empire.qa.testcases.UserTypesPageTest" name="VerifyUserTypePageTitleTest" time="13.726">
    <skipped/>
  </testcase> <!-- VerifyUserTypePageTitleTest -->
  <system-out/>
  <testcase classname="com.empire.qa.testcases.UserTypesPageTest" name="VerifyTypeCodeSortingTest" time="13.622">
    <skipped/>
  </testcase> <!-- VerifyTypeCodeSortingTest -->
  <system-out/>
  <testcase classname="com.empire.qa.testcases.UserTypesPageTest" name="VerifyaddNewUserTypePagewithInvalidTypeCodeTest" time="13.830">
    <skipped/>
  </testcase> <!-- VerifyaddNewUserTypePagewithInvalidTypeCodeTest -->
  <system-out/>
  <testcase classname="com.empire.qa.testcases.UserTypesPageTest" name="VerifybackBtnAddUserTypePgTest" time="13.604">
    <skipped/>
  </testcase> <!-- VerifybackBtnAddUserTypePgTest -->
  <system-out/>
  <testcase classname="com.empire.qa.testcases.UserTypesPageTest" name="VerifySnoSortingTest" time="13.605"/>
  <system-out/>
  <testcase classname="com.empire.qa.testcases.UserTypesPageTest" name="VerifyPage3BtnTest" time="13.749"/>
  <system-out/>
  <testcase classname="com.empire.qa.testcases.UserTypesPageTest" name="setup" time="39.443">
    <error message="element not interactable
  (Session info: chrome=120.0.6099.130)
Build info: version: &#039;4.11.0&#039;, revision: &#039;040bc5406b&#039;
System info: os.name: &#039;Windows 11&#039;, os.arch: &#039;amd64&#039;, os.version: &#039;10.0&#039;, java.version: &#039;17.0.9&#039;
Driver info: org.openqa.selenium.chrome.ChromeDriver
Command: [487cf874cf3cfd4e886f97696130906f, clickElement {id=542FB6C8133618C4F0DCF74E1DB830C1_element_23}]
Capabilities {acceptInsecureCerts: false, browserName: chrome, browserVersion: 120.0.6099.130, chrome: {chromedriverVersion: 120.0.6099.109 (3419140ab66..., userDataDir: C:\Users\ksanj\AppData\Loca...}, fedcm:accounts: true, goog:chromeOptions: {debuggerAddress: localhost:51091}, networkConnectionEnabled: false, pageLoadStrategy: normal, platformName: windows, proxy: Proxy(), se:cdp: ws://localhost:51091/devtoo..., se:cdpVersion: 120.0.6099.130, setWindowRect: true, strictFileInteractability: false, timeouts: {implicit: 0, pageLoad: 300000, script: 30000}, unhandledPromptBehavior: dismiss and notify, webauthn:extension:credBlob: true, webauthn:extension:largeBlob: true, webauthn:extension:minPinLength: true, webauthn:extension:prf: true, webauthn:virtualAuthenticators: true}
Element: [[ChromeDriver: chrome on windows (487cf874cf3cfd4e886f97696130906f)] -&gt; xpath: //a[text()=&#039;User Types&#039;]]
Session ID: 487cf874cf3cfd4e886f97696130906f" type="org.openqa.selenium.ElementNotInteractableException">
      <![CDATA[org.openqa.selenium.ElementNotInteractableException: element not interactable
  (Session info: chrome=120.0.6099.130)
Build info: version: '4.11.0', revision: '040bc5406b'
System info: os.name: 'Windows 11', os.arch: 'amd64', os.version: '10.0', java.version: '17.0.9'
Driver info: org.openqa.selenium.chrome.ChromeDriver
Command: [487cf874cf3cfd4e886f97696130906f, clickElement {id=542FB6C8133618C4F0DCF74E1DB830C1_element_23}]
Capabilities {acceptInsecureCerts: false, browserName: chrome, browserVersion: 120.0.6099.130, chrome: {chromedriverVersion: 120.0.6099.109 (3419140ab66..., userDataDir: C:\Users\ksanj\AppData\Loca...}, fedcm:accounts: true, goog:chromeOptions: {debuggerAddress: localhost:51091}, networkConnectionEnabled: false, pageLoadStrategy: normal, platformName: windows, proxy: Proxy(), se:cdp: ws://localhost:51091/devtoo..., se:cdpVersion: 120.0.6099.130, setWindowRect: true, strictFileInteractability: false, timeouts: {implicit: 0, pageLoad: 300000, script: 30000}, unhandledPromptBehavior: dismiss and notify, webauthn:extension:credBlob: true, webauthn:extension:largeBlob: true, webauthn:extension:minPinLength: true, webauthn:extension:prf: true, webauthn:virtualAuthenticators: true}
Element: [[ChromeDriver: chrome on windows (487cf874cf3cfd4e886f97696130906f)] -> xpath: //a[text()='User Types']]
Session ID: 487cf874cf3cfd4e886f97696130906f
at java.base/jdk.internal.reflect.NativeConstructorAccessorImpl.newInstance0(Native Method)
at java.base/jdk.internal.reflect.NativeConstructorAccessorImpl.newInstance(NativeConstructorAccessorImpl.java:77)
at java.base/jdk.internal.reflect.DelegatingConstructorAccessorImpl.newInstance(DelegatingConstructorAccessorImpl.java:45)
at java.base/java.lang.reflect.Constructor.newInstanceWithCaller(Constructor.java:499)
at java.base/java.lang.reflect.Constructor.newInstance(Constructor.java:480)
at org.openqa.selenium.remote.codec.w3c.W3CHttpResponseCodec.createException(W3CHttpResponseCodec.java:200)
at org.openqa.selenium.remote.codec.w3c.W3CHttpResponseCodec.decode(W3CHttpResponseCodec.java:133)
at org.openqa.selenium.remote.codec.w3c.W3CHttpResponseCodec.decode(W3CHttpResponseCodec.java:52)
at org.openqa.selenium.remote.HttpCommandExecutor.execute(HttpCommandExecutor.java:191)
at org.openqa.selenium.remote.service.DriverCommandExecutor.invokeExecute(DriverCommandExecutor.java:196)
at org.openqa.selenium.remote.service.DriverCommandExecutor.execute(DriverCommandExecutor.java:171)
at org.openqa.selenium.remote.RemoteWebDriver.execute(RemoteWebDriver.java:518)
at org.openqa.selenium.remote.RemoteWebElement.execute(RemoteWebElement.java:224)
at org.openqa.selenium.remote.RemoteWebElement.click(RemoteWebElement.java:77)
at jdk.internal.reflect.GeneratedMethodAccessor2.invoke(Unknown Source)
at java.base/jdk.internal.reflect.DelegatingMethodAccessorImpl.invoke(DelegatingMethodAccessorImpl.java:43)
at java.base/java.lang.reflect.Method.invoke(Method.java:568)
at org.openqa.selenium.support.events.EventFiringWebDriver$EventFiringWebElement.lambda$new$0(EventFiringWebDriver.java:375)
at jdk.proxy2/jdk.proxy2.$Proxy23.click(Unknown Source)
at org.openqa.selenium.support.events.EventFiringWebDriver$EventFiringWebElement.click(EventFiringWebDriver.java:387)
at jdk.internal.reflect.GeneratedMethodAccessor2.invoke(Unknown Source)
at java.base/jdk.internal.reflect.DelegatingMethodAccessorImpl.invoke(DelegatingMethodAccessorImpl.java:43)
at java.base/java.lang.reflect.Method.invoke(Method.java:568)
at org.openqa.selenium.support.pagefactory.internal.LocatingElementHandler.invoke(LocatingElementHandler.java:51)
at jdk.proxy2/jdk.proxy2.$Proxy22.click(Unknown Source)
at com.empire.qa.pages.HomePage.verifyUserTypePage(HomePage.java:86)
at com.empire.qa.testcases.UserTypesPageTest.setup(UserTypesPageTest.java:33)
at java.base/jdk.internal.reflect.NativeMethodAccessorImpl.invoke0(Native Method)
at java.base/jdk.internal.reflect.NativeMethodAccessorImpl.invoke(NativeMethodAccessorImpl.java:77)
at java.base/jdk.internal.reflect.DelegatingMethodAccessorImpl.invoke(DelegatingMethodAccessorImpl.java:43)
at java.base/java.lang.reflect.Method.invoke(Method.java:568)
at org.testng.internal.MethodInvocationHelper.invokeMethod(MethodInvocationHelper.java:133)
at org.testng.internal.MethodInvocationHelper.invokeMethodConsideringTimeout(MethodInvocationHelper.java:62)
at org.testng.internal.ConfigInvoker.invokeConfigurationMethod(ConfigInvoker.java:385)
at org.testng.internal.ConfigInvoker.invokeConfigurations(ConfigInvoker.java:321)
at org.testng.internal.TestInvoker.runConfigMethods(TestInvoker.java:700)
at org.testng.internal.TestInvoker.invokeMethod(TestInvoker.java:527)
at org.testng.internal.TestInvoker.invokeTestMethod(TestInvoker.java:173)
at org.testng.internal.MethodRunner.runInSequence(MethodRunner.java:46)
at org.testng.internal.TestInvoker$MethodInvocationAgent.invoke(TestInvoker.java:824)
at org.testng.internal.TestInvoker.invokeTestMethods(TestInvoker.java:146)
at org.testng.internal.TestMethodWorker.invokeTestMethods(TestMethodWorker.java:146)
at org.testng.internal.TestMethodWorker.run(TestMethodWorker.java:128)
at java.base/java.util.ArrayList.forEach(ArrayList.java:1511)
at org.testng.TestRunner.privateRun(TestRunner.java:794)
at org.testng.TestRunner.run(TestRunner.java:596)
at org.testng.SuiteRunner.runTest(SuiteRunner.java:377)
at org.testng.SuiteRunner.runSequentially(SuiteRunner.java:371)
at org.testng.SuiteRunner.privateRun(SuiteRunner.java:332)
at org.testng.SuiteRunner.run(SuiteRunner.java:276)
at org.testng.SuiteRunnerWorker.runSuite(SuiteRunnerWorker.java:53)
at org.testng.SuiteRunnerWorker.run(SuiteRunnerWorker.java:96)
at org.testng.TestNG.runSuitesSequentially(TestNG.java:1212)
at org.testng.TestNG.runSuitesLocally(TestNG.java:1134)
at org.testng.TestNG.runSuites(TestNG.java:1063)
at org.testng.TestNG.run(TestNG.java:1031)
at org.testng.remote.AbstractRemoteTestNG.run(AbstractRemoteTestNG.java:115)
at org.testng.remote.RemoteTestNG.initAndRun(RemoteTestNG.java:251)
at org.testng.remote.RemoteTestNG.main(RemoteTestNG.java:77)
]]>
    </error>
  </testcase> <!-- setup -->
  <system-out/>
  <testcase classname="com.empire.qa.testcases.UserTypesPageTest" name="VerifyToTopArrowBtnTest" time="13.879"/>
  <system-out/>
  <testcase classname="com.empire.qa.testcases.UserTypesPageTest" name="VerifyPage2BtnTest" time="0.126"/>
  <system-out/>
  <testcase classname="com.empire.qa.testcases.UserTypesPageTest" name="VerifyaddNewUserTypePagewithInvalidTypeNameTest" time="0.000">
    <skipped/>
  </testcase> <!-- VerifyaddNewUserTypePagewithInvalidTypeNameTest -->
  <system-out/>
  <testcase classname="com.empire.qa.testcases.UserTypesPageTest" name="VerifySearchTextFieldTest" time="15.276"/>
  <system-out/>
  <testcase classname="com.empire.qa.testcases.UserTypesPageTest" name="VerifyShowEntriesDropdownTest" time="0.188"/>
  <system-out/>
  <testcase classname="com.empire.qa.testcases.UserTypesPageTest" name="VerifyTypeNameSortingTest" time="0.000">
    <skipped/>
  </testcase> <!-- VerifyTypeNameSortingTest -->
  <system-out/>
  <testcase classname="com.empire.qa.testcases.UserTypesPageTest" name="VerifyNextPageBtnTest" time="0.159"/>
  <system-out/>
  <testcase classname="com.empire.qa.testcases.UserTypesPageTest" name="VerifySearchTextFieldWithInvalidDataTest" time="0.151"/>
  <system-out/>
  <testcase classname="com.empire.qa.testcases.UserTypesPageTest" name="VerifyaddNewUserTypePagewithoutData" time="0.000">
    <skipped/>
  </testcase> <!-- VerifyaddNewUserTypePagewithoutData -->
  <system-out/>
  <testcase classname="com.empire.qa.testcases.UserTypesPageTest" name="VerifyaddNewUserTypePagewithValidDataTest" time="0.000">
    <skipped/>
  </testcase> <!-- VerifyaddNewUserTypePagewithValidDataTest -->
  <system-out/>
  <testcase classname="com.empire.qa.testcases.UserTypesPageTest" name="VerifyEditButtonBySearch_TypeNameTest" time="0.000">
    <skipped/>
  </testcase> <!-- VerifyEditButtonBySearch_TypeNameTest -->
  <system-out/>
  <testcase classname="com.empire.qa.testcases.UserTypesPageTest" name="VerifyDeleteButtonBySearch_TypeNameTest" time="0.000">
    <skipped/>
  </testcase> <!-- VerifyDeleteButtonBySearch_TypeNameTest -->
  <system-out/>
  <testcase classname="com.empire.qa.testcases.UserTypesPageTest" name="VerifyDeleteButtonByClickingYesTest" time="0.000">
    <skipped/>
  </testcase> <!-- VerifyDeleteButtonByClickingYesTest -->
  <system-out/>
</testsuite> <!-- com.empire.qa.testcases.UserTypesPageTest -->
