<?xml version="1.0" encoding="UTF-8"?>
<!-- Generated by org.testng.reporters.JUnitReportReporter -->
<testsuite hostname="Sanjay" failures="0" tests="19" name="com.empire.qa.testcases.ShiftsPageTest" time="151.281" errors="1" timestamp="2023-12-24T15:27:02 IST" skipped="10">
  <testcase classname="com.empire.qa.testcases.ShiftsPageTest" name="VerifyBackBtnTest" time="13.361"/>
  <system-out/>
  <testcase classname="com.empire.qa.testcases.ShiftsPageTest" name="VerifyshiftspageTitleTest" time="15.351">
    <skipped/>
  </testcase> <!-- VerifyshiftspageTitleTest -->
  <system-out/>
  <testcase classname="com.empire.qa.testcases.ShiftsPageTest" name="VerifyaddNewShiftwithoutDataTest" time="13.825">
    <skipped/>
  </testcase> <!-- VerifyaddNewShiftwithoutDataTest -->
  <system-out/>
  <testcase classname="com.empire.qa.testcases.ShiftsPageTest" name="VerifyShowEntriesDropdownTest" time="13.208"/>
  <system-out/>
  <testcase classname="com.empire.qa.testcases.ShiftsPageTest" name="VerifybackBtnAddShiftsPgTest" time="13.113">
    <skipped/>
  </testcase> <!-- VerifybackBtnAddShiftsPgTest -->
  <system-out/>
  <testcase classname="com.empire.qa.testcases.ShiftsPageTest" name="VerifyShiftNameSortingTest" time="13.004"/>
  <system-out/>
  <testcase classname="com.empire.qa.testcases.ShiftsPageTest" name="VerifyPage3BtnTest" time="13.099"/>
  <system-out/>
  <testcase classname="com.empire.qa.testcases.ShiftsPageTest" name="VerifyToTopArrowBtnTest" time="13.392">
    <skipped/>
  </testcase> <!-- VerifyToTopArrowBtnTest -->
  <system-out/>
  <testcase classname="com.empire.qa.testcases.ShiftsPageTest" name="setup" time="26.242">
    <error message="element not interactable
  (Session info: chrome=120.0.6099.130)
Build info: version: &#039;4.11.0&#039;, revision: &#039;040bc5406b&#039;
System info: os.name: &#039;Windows 11&#039;, os.arch: &#039;amd64&#039;, os.version: &#039;10.0&#039;, java.version: &#039;17.0.9&#039;
Driver info: org.openqa.selenium.chrome.ChromeDriver
Command: [4c4deafa9a5f47a46834f1907a2a7ddb, clickElement {id=F297907DDB5C2EAF368E26A2A48A68F8_element_23}]
Capabilities {acceptInsecureCerts: false, browserName: chrome, browserVersion: 120.0.6099.130, chrome: {chromedriverVersion: 120.0.6099.109 (3419140ab66..., userDataDir: C:\Users\ksanj\AppData\Loca...}, fedcm:accounts: true, goog:chromeOptions: {debuggerAddress: localhost:53855}, networkConnectionEnabled: false, pageLoadStrategy: normal, platformName: windows, proxy: Proxy(), se:cdp: ws://localhost:53855/devtoo..., se:cdpVersion: 120.0.6099.130, setWindowRect: true, strictFileInteractability: false, timeouts: {implicit: 0, pageLoad: 300000, script: 30000}, unhandledPromptBehavior: dismiss and notify, webauthn:extension:credBlob: true, webauthn:extension:largeBlob: true, webauthn:extension:minPinLength: true, webauthn:extension:prf: true, webauthn:virtualAuthenticators: true}
Element: [[ChromeDriver: chrome on windows (4c4deafa9a5f47a46834f1907a2a7ddb)] -&gt; xpath: //a[text()=&#039;Shifts&#039;]]
Session ID: 4c4deafa9a5f47a46834f1907a2a7ddb" type="org.openqa.selenium.ElementNotInteractableException">
      <![CDATA[org.openqa.selenium.ElementNotInteractableException: element not interactable
  (Session info: chrome=120.0.6099.130)
Build info: version: '4.11.0', revision: '040bc5406b'
System info: os.name: 'Windows 11', os.arch: 'amd64', os.version: '10.0', java.version: '17.0.9'
Driver info: org.openqa.selenium.chrome.ChromeDriver
Command: [4c4deafa9a5f47a46834f1907a2a7ddb, clickElement {id=F297907DDB5C2EAF368E26A2A48A68F8_element_23}]
Capabilities {acceptInsecureCerts: false, browserName: chrome, browserVersion: 120.0.6099.130, chrome: {chromedriverVersion: 120.0.6099.109 (3419140ab66..., userDataDir: C:\Users\ksanj\AppData\Loca...}, fedcm:accounts: true, goog:chromeOptions: {debuggerAddress: localhost:53855}, networkConnectionEnabled: false, pageLoadStrategy: normal, platformName: windows, proxy: Proxy(), se:cdp: ws://localhost:53855/devtoo..., se:cdpVersion: 120.0.6099.130, setWindowRect: true, strictFileInteractability: false, timeouts: {implicit: 0, pageLoad: 300000, script: 30000}, unhandledPromptBehavior: dismiss and notify, webauthn:extension:credBlob: true, webauthn:extension:largeBlob: true, webauthn:extension:minPinLength: true, webauthn:extension:prf: true, webauthn:virtualAuthenticators: true}
Element: [[ChromeDriver: chrome on windows (4c4deafa9a5f47a46834f1907a2a7ddb)] -> xpath: //a[text()='Shifts']]
Session ID: 4c4deafa9a5f47a46834f1907a2a7ddb
at java.base/jdk.internal.reflect.NativeConstructorAccessorImpl.newInstance0(Native Method)
at java.base/jdk.internal.reflect.NativeConstructorAccessorImpl.newInstance(NativeConstructorAccessorImpl.java:77)
at java.base/jdk.internal.reflect.DelegatingConstructorAccessorImpl.newInstance(DelegatingConstructorAccessorImpl.java:45)
at java.base/java.lang.reflect.Constructor.newInstanceWithCaller(Constructor.java:499)
at java.base/java.lang.reflect.Constructor.newInstance(Constructor.java:480)
at org.openqa.selenium.remote.codec.w3c.W3CHttpResponseCodec.createException(W3CHttpResponseCodec.java:200)
at org.openqa.selenium.remote.codec.w3c.W3CHttpResponseCodec.decode(W3CHttpResponseCodec.java:133)
at org.openqa.selenium.remote.codec.w3c.W3CHttpResponseCodec.decode(W3CHttpResponseCodec.java:52)
at org.openqa.selenium.remote.HttpCommandExecutor.execute(HttpCommandExecutor.java:191)
at org.openqa.selenium.remote.service.DriverCommandExecutor.invokeExecute(DriverCommandExecutor.java:196)
at org.openqa.selenium.remote.service.DriverCommandExecutor.execute(DriverCommandExecutor.java:171)
at org.openqa.selenium.remote.RemoteWebDriver.execute(RemoteWebDriver.java:518)
at org.openqa.selenium.remote.RemoteWebElement.execute(RemoteWebElement.java:224)
at org.openqa.selenium.remote.RemoteWebElement.click(RemoteWebElement.java:77)
at jdk.internal.reflect.GeneratedMethodAccessor2.invoke(Unknown Source)
at java.base/jdk.internal.reflect.DelegatingMethodAccessorImpl.invoke(DelegatingMethodAccessorImpl.java:43)
at java.base/java.lang.reflect.Method.invoke(Method.java:568)
at org.openqa.selenium.support.events.EventFiringWebDriver$EventFiringWebElement.lambda$new$0(EventFiringWebDriver.java:375)
at jdk.proxy2/jdk.proxy2.$Proxy23.click(Unknown Source)
at org.openqa.selenium.support.events.EventFiringWebDriver$EventFiringWebElement.click(EventFiringWebDriver.java:387)
at jdk.internal.reflect.GeneratedMethodAccessor2.invoke(Unknown Source)
at java.base/jdk.internal.reflect.DelegatingMethodAccessorImpl.invoke(DelegatingMethodAccessorImpl.java:43)
at java.base/java.lang.reflect.Method.invoke(Method.java:568)
at org.openqa.selenium.support.pagefactory.internal.LocatingElementHandler.invoke(LocatingElementHandler.java:51)
at jdk.proxy2/jdk.proxy2.$Proxy22.click(Unknown Source)
at com.empire.qa.pages.HomePage.verifyShiftsPage(HomePage.java:142)
at com.empire.qa.testcases.ShiftsPageTest.setup(ShiftsPageTest.java:32)
at java.base/jdk.internal.reflect.NativeMethodAccessorImpl.invoke0(Native Method)
at java.base/jdk.internal.reflect.NativeMethodAccessorImpl.invoke(NativeMethodAccessorImpl.java:77)
at java.base/jdk.internal.reflect.DelegatingMethodAccessorImpl.invoke(DelegatingMethodAccessorImpl.java:43)
at java.base/java.lang.reflect.Method.invoke(Method.java:568)
at org.testng.internal.MethodInvocationHelper.invokeMethod(MethodInvocationHelper.java:133)
at org.testng.internal.MethodInvocationHelper.invokeMethodConsideringTimeout(MethodInvocationHelper.java:62)
at org.testng.internal.ConfigInvoker.invokeConfigurationMethod(ConfigInvoker.java:385)
at org.testng.internal.ConfigInvoker.invokeConfigurations(ConfigInvoker.java:321)
at org.testng.internal.TestInvoker.runConfigMethods(TestInvoker.java:700)
at org.testng.internal.TestInvoker.invokeMethod(TestInvoker.java:527)
at org.testng.internal.TestInvoker.invokeTestMethod(TestInvoker.java:173)
at org.testng.internal.MethodRunner.runInSequence(MethodRunner.java:46)
at org.testng.internal.TestInvoker$MethodInvocationAgent.invoke(TestInvoker.java:824)
at org.testng.internal.TestInvoker.invokeTestMethods(TestInvoker.java:146)
at org.testng.internal.TestMethodWorker.invokeTestMethods(TestMethodWorker.java:146)
at org.testng.internal.TestMethodWorker.run(TestMethodWorker.java:128)
at java.base/java.util.ArrayList.forEach(ArrayList.java:1511)
at org.testng.TestRunner.privateRun(TestRunner.java:794)
at org.testng.TestRunner.run(TestRunner.java:596)
at org.testng.SuiteRunner.runTest(SuiteRunner.java:377)
at org.testng.SuiteRunner.runSequentially(SuiteRunner.java:371)
at org.testng.SuiteRunner.privateRun(SuiteRunner.java:332)
at org.testng.SuiteRunner.run(SuiteRunner.java:276)
at org.testng.SuiteRunnerWorker.runSuite(SuiteRunnerWorker.java:53)
at org.testng.SuiteRunnerWorker.run(SuiteRunnerWorker.java:96)
at org.testng.TestNG.runSuitesSequentially(TestNG.java:1212)
at org.testng.TestNG.runSuitesLocally(TestNG.java:1134)
at org.testng.TestNG.runSuites(TestNG.java:1063)
at org.testng.TestNG.run(TestNG.java:1031)
at org.testng.remote.AbstractRemoteTestNG.run(AbstractRemoteTestNG.java:115)
at org.testng.remote.RemoteTestNG.initAndRun(RemoteTestNG.java:251)
at org.testng.remote.RemoteTestNG.main(RemoteTestNG.java:77)
]]>
    </error>
  </testcase> <!-- setup -->
  <system-out/>
  <testcase classname="com.empire.qa.testcases.ShiftsPageTest" name="VerifyPreviousPageBtnTest" time="0.230"/>
  <system-out/>
  <testcase classname="com.empire.qa.testcases.ShiftsPageTest" name="VerifySnoSortingTest" time="0.000">
    <skipped/>
  </testcase> <!-- VerifySnoSortingTest -->
  <system-out/>
  <testcase classname="com.empire.qa.testcases.ShiftsPageTest" name="VerifyaddNewShiftwithInvalidShiftNameTest" time="0.000">
    <skipped/>
  </testcase> <!-- VerifyaddNewShiftwithInvalidShiftNameTest -->
  <system-out/>
  <testcase classname="com.empire.qa.testcases.ShiftsPageTest" name="VerifySearchTextFieldTest" time="16.196"/>
  <system-out/>
  <testcase classname="com.empire.qa.testcases.ShiftsPageTest" name="VerifySearchTextFieldWithInvalidDataTest" time="0.159"/>
  <system-out/>
  <testcase classname="com.empire.qa.testcases.ShiftsPageTest" name="VerifyNextPageBtnTest" time="0.101"/>
  <system-out/>
  <testcase classname="com.empire.qa.testcases.ShiftsPageTest" name="VerifyaddNewShiftwithValidDataTest" time="0.000">
    <skipped/>
  </testcase> <!-- VerifyaddNewShiftwithValidDataTest -->
  <system-out/>
  <testcase classname="com.empire.qa.testcases.ShiftsPageTest" name="VerifyEditButtonBySearchShiftNameTest" time="0.000">
    <skipped/>
  </testcase> <!-- VerifyEditButtonBySearchShiftNameTest -->
  <system-out/>
  <testcase classname="com.empire.qa.testcases.ShiftsPageTest" name="VerifyDeleteButtonBySearchShiftNameTest" time="0.000">
    <skipped/>
  </testcase> <!-- VerifyDeleteButtonBySearchShiftNameTest -->
  <system-out/>
  <testcase classname="com.empire.qa.testcases.ShiftsPageTest" name="VerifyDeleteButtonByClickingYesTest" time="0.000">
    <skipped/>
  </testcase> <!-- VerifyDeleteButtonByClickingYesTest -->
  <system-out/>
</testsuite> <!-- com.empire.qa.testcases.ShiftsPageTest -->
