<?xml version="1.0" encoding="UTF-8"?>
<!-- Generated by org.testng.reporters.JUnitReportReporter -->
<testsuite hostname="Sanjay" failures="0" tests="19" name="com.empire.qa.testcases.ConditionTypesPageTest" time="25.730" errors="1" timestamp="2023-12-24T15:27:02 IST" skipped="18">
  <testcase classname="com.empire.qa.testcases.ConditionTypesPageTest" name="VerifyShowEntriesDropdownTest" time="0.000">
    <skipped/>
  </testcase> <!-- VerifyShowEntriesDropdownTest -->
  <system-out/>
  <testcase classname="com.empire.qa.testcases.ConditionTypesPageTest" name="VerifyConditionNameSortingTest" time="0.000">
    <skipped/>
  </testcase> <!-- VerifyConditionNameSortingTest -->
  <system-out/>
  <testcase classname="com.empire.qa.testcases.ConditionTypesPageTest" name="VerifySearchTextFieldWithInvalidDataTest" time="0.000">
    <skipped/>
  </testcase> <!-- VerifySearchTextFieldWithInvalidDataTest -->
  <system-out/>
  <testcase classname="com.empire.qa.testcases.ConditionTypesPageTest" name="VerifyPage3BtnTest" time="0.000">
    <skipped/>
  </testcase> <!-- VerifyPage3BtnTest -->
  <system-out/>
  <testcase classname="com.empire.qa.testcases.ConditionTypesPageTest" name="setup" time="25.730">
    <error message="element not interactable
  (Session info: chrome=120.0.6099.130)
Build info: version: &#039;4.11.0&#039;, revision: &#039;040bc5406b&#039;
System info: os.name: &#039;Windows 11&#039;, os.arch: &#039;amd64&#039;, os.version: &#039;10.0&#039;, java.version: &#039;17.0.9&#039;
Driver info: org.openqa.selenium.chrome.ChromeDriver
Command: [42f3e49aad150f8ac61f73cfdc9f9e0f, clickElement {id=755A00ABDF293CE0E28870377A18BF27_element_23}]
Capabilities {acceptInsecureCerts: false, browserName: chrome, browserVersion: 120.0.6099.130, chrome: {chromedriverVersion: 120.0.6099.109 (3419140ab66..., userDataDir: C:\Users\ksanj\AppData\Loca...}, fedcm:accounts: true, goog:chromeOptions: {debuggerAddress: localhost:51141}, networkConnectionEnabled: false, pageLoadStrategy: normal, platformName: windows, proxy: Proxy(), se:cdp: ws://localhost:51141/devtoo..., se:cdpVersion: 120.0.6099.130, setWindowRect: true, strictFileInteractability: false, timeouts: {implicit: 0, pageLoad: 300000, script: 30000}, unhandledPromptBehavior: dismiss and notify, webauthn:extension:credBlob: true, webauthn:extension:largeBlob: true, webauthn:extension:minPinLength: true, webauthn:extension:prf: true, webauthn:virtualAuthenticators: true}
Element: [[ChromeDriver: chrome on windows (42f3e49aad150f8ac61f73cfdc9f9e0f)] -&gt; xpath: //a[text()=&#039;Condition&#039;]]
Session ID: 42f3e49aad150f8ac61f73cfdc9f9e0f" type="org.openqa.selenium.ElementNotInteractableException">
      <![CDATA[org.openqa.selenium.ElementNotInteractableException: element not interactable
  (Session info: chrome=120.0.6099.130)
Build info: version: '4.11.0', revision: '040bc5406b'
System info: os.name: 'Windows 11', os.arch: 'amd64', os.version: '10.0', java.version: '17.0.9'
Driver info: org.openqa.selenium.chrome.ChromeDriver
Command: [42f3e49aad150f8ac61f73cfdc9f9e0f, clickElement {id=755A00ABDF293CE0E28870377A18BF27_element_23}]
Capabilities {acceptInsecureCerts: false, browserName: chrome, browserVersion: 120.0.6099.130, chrome: {chromedriverVersion: 120.0.6099.109 (3419140ab66..., userDataDir: C:\Users\ksanj\AppData\Loca...}, fedcm:accounts: true, goog:chromeOptions: {debuggerAddress: localhost:51141}, networkConnectionEnabled: false, pageLoadStrategy: normal, platformName: windows, proxy: Proxy(), se:cdp: ws://localhost:51141/devtoo..., se:cdpVersion: 120.0.6099.130, setWindowRect: true, strictFileInteractability: false, timeouts: {implicit: 0, pageLoad: 300000, script: 30000}, unhandledPromptBehavior: dismiss and notify, webauthn:extension:credBlob: true, webauthn:extension:largeBlob: true, webauthn:extension:minPinLength: true, webauthn:extension:prf: true, webauthn:virtualAuthenticators: true}
Element: [[ChromeDriver: chrome on windows (42f3e49aad150f8ac61f73cfdc9f9e0f)] -> xpath: //a[text()='Condition']]
Session ID: 42f3e49aad150f8ac61f73cfdc9f9e0f
at java.base/jdk.internal.reflect.NativeConstructorAccessorImpl.newInstance0(Native Method)
at java.base/jdk.internal.reflect.NativeConstructorAccessorImpl.newInstance(NativeConstructorAccessorImpl.java:77)
at java.base/jdk.internal.reflect.DelegatingConstructorAccessorImpl.newInstance(DelegatingConstructorAccessorImpl.java:45)
at java.base/java.lang.reflect.Constructor.newInstanceWithCaller(Constructor.java:499)
at java.base/java.lang.reflect.Constructor.newInstance(Constructor.java:480)
at org.openqa.selenium.remote.codec.w3c.W3CHttpResponseCodec.createException(W3CHttpResponseCodec.java:200)
at org.openqa.selenium.remote.codec.w3c.W3CHttpResponseCodec.decode(W3CHttpResponseCodec.java:133)
at org.openqa.selenium.remote.codec.w3c.W3CHttpResponseCodec.decode(W3CHttpResponseCodec.java:52)
at org.openqa.selenium.remote.HttpCommandExecutor.execute(HttpCommandExecutor.java:191)
at org.openqa.selenium.remote.service.DriverCommandExecutor.invokeExecute(DriverCommandExecutor.java:196)
at org.openqa.selenium.remote.service.DriverCommandExecutor.execute(DriverCommandExecutor.java:171)
at org.openqa.selenium.remote.RemoteWebDriver.execute(RemoteWebDriver.java:518)
at org.openqa.selenium.remote.RemoteWebElement.execute(RemoteWebElement.java:224)
at org.openqa.selenium.remote.RemoteWebElement.click(RemoteWebElement.java:77)
at jdk.internal.reflect.GeneratedMethodAccessor2.invoke(Unknown Source)
at java.base/jdk.internal.reflect.DelegatingMethodAccessorImpl.invoke(DelegatingMethodAccessorImpl.java:43)
at java.base/java.lang.reflect.Method.invoke(Method.java:568)
at org.openqa.selenium.support.events.EventFiringWebDriver$EventFiringWebElement.lambda$new$0(EventFiringWebDriver.java:375)
at jdk.proxy2/jdk.proxy2.$Proxy23.click(Unknown Source)
at org.openqa.selenium.support.events.EventFiringWebDriver$EventFiringWebElement.click(EventFiringWebDriver.java:387)
at jdk.internal.reflect.GeneratedMethodAccessor2.invoke(Unknown Source)
at java.base/jdk.internal.reflect.DelegatingMethodAccessorImpl.invoke(DelegatingMethodAccessorImpl.java:43)
at java.base/java.lang.reflect.Method.invoke(Method.java:568)
at org.openqa.selenium.support.pagefactory.internal.LocatingElementHandler.invoke(LocatingElementHandler.java:51)
at jdk.proxy2/jdk.proxy2.$Proxy22.click(Unknown Source)
at com.empire.qa.pages.HomePage.verifyConditionTypesPage(HomePage.java:118)
at com.empire.qa.testcases.ConditionTypesPageTest.setup(ConditionTypesPageTest.java:32)
at java.base/jdk.internal.reflect.NativeMethodAccessorImpl.invoke0(Native Method)
at java.base/jdk.internal.reflect.NativeMethodAccessorImpl.invoke(NativeMethodAccessorImpl.java:77)
at java.base/jdk.internal.reflect.DelegatingMethodAccessorImpl.invoke(DelegatingMethodAccessorImpl.java:43)
at java.base/java.lang.reflect.Method.invoke(Method.java:568)
at org.testng.internal.MethodInvocationHelper.invokeMethod(MethodInvocationHelper.java:133)
at org.testng.internal.MethodInvocationHelper.invokeMethodConsideringTimeout(MethodInvocationHelper.java:62)
at org.testng.internal.ConfigInvoker.invokeConfigurationMethod(ConfigInvoker.java:385)
at org.testng.internal.ConfigInvoker.invokeConfigurations(ConfigInvoker.java:321)
at org.testng.internal.TestInvoker.runConfigMethods(TestInvoker.java:700)
at org.testng.internal.TestInvoker.invokeMethod(TestInvoker.java:527)
at org.testng.internal.TestInvoker.invokeTestMethod(TestInvoker.java:173)
at org.testng.internal.MethodRunner.runInSequence(MethodRunner.java:46)
at org.testng.internal.TestInvoker$MethodInvocationAgent.invoke(TestInvoker.java:824)
at org.testng.internal.TestInvoker.invokeTestMethods(TestInvoker.java:146)
at org.testng.internal.TestMethodWorker.invokeTestMethods(TestMethodWorker.java:146)
at org.testng.internal.TestMethodWorker.run(TestMethodWorker.java:128)
at java.base/java.util.ArrayList.forEach(ArrayList.java:1511)
at org.testng.TestRunner.privateRun(TestRunner.java:794)
at org.testng.TestRunner.run(TestRunner.java:596)
at org.testng.SuiteRunner.runTest(SuiteRunner.java:377)
at org.testng.SuiteRunner.runSequentially(SuiteRunner.java:371)
at org.testng.SuiteRunner.privateRun(SuiteRunner.java:332)
at org.testng.SuiteRunner.run(SuiteRunner.java:276)
at org.testng.SuiteRunnerWorker.runSuite(SuiteRunnerWorker.java:53)
at org.testng.SuiteRunnerWorker.run(SuiteRunnerWorker.java:96)
at org.testng.TestNG.runSuitesSequentially(TestNG.java:1212)
at org.testng.TestNG.runSuitesLocally(TestNG.java:1134)
at org.testng.TestNG.runSuites(TestNG.java:1063)
at org.testng.TestNG.run(TestNG.java:1031)
at org.testng.remote.AbstractRemoteTestNG.run(AbstractRemoteTestNG.java:115)
at org.testng.remote.RemoteTestNG.initAndRun(RemoteTestNG.java:251)
at org.testng.remote.RemoteTestNG.main(RemoteTestNG.java:77)
]]>
    </error>
  </testcase> <!-- setup -->
  <system-out/>
  <testcase classname="com.empire.qa.testcases.ConditionTypesPageTest" name="VerifyToTopArrowBtnTest" time="0.000">
    <skipped/>
  </testcase> <!-- VerifyToTopArrowBtnTest -->
  <system-out/>
  <testcase classname="com.empire.qa.testcases.ConditionTypesPageTest" name="VerifyBackBtnTest" time="0.000">
    <skipped/>
  </testcase> <!-- VerifyBackBtnTest -->
  <system-out/>
  <testcase classname="com.empire.qa.testcases.ConditionTypesPageTest" name="VerifySearchTextFieldTest" time="0.000">
    <skipped/>
  </testcase> <!-- VerifySearchTextFieldTest -->
  <system-out/>
  <testcase classname="com.empire.qa.testcases.ConditionTypesPageTest" name="VerifybackBtnAddConditionTypePgTest" time="0.000">
    <skipped/>
  </testcase> <!-- VerifybackBtnAddConditionTypePgTest -->
  <system-out/>
  <testcase classname="com.empire.qa.testcases.ConditionTypesPageTest" name="VerifyaddNewConditionwithoutDataTest" time="0.000">
    <skipped/>
  </testcase> <!-- VerifyaddNewConditionwithoutDataTest -->
  <system-out/>
  <testcase classname="com.empire.qa.testcases.ConditionTypesPageTest" name="VerifyNextPageBtnTest" time="0.000">
    <skipped/>
  </testcase> <!-- VerifyNextPageBtnTest -->
  <system-out/>
  <testcase classname="com.empire.qa.testcases.ConditionTypesPageTest" name="VerifyPreviousPageBtnTest" time="0.000">
    <skipped/>
  </testcase> <!-- VerifyPreviousPageBtnTest -->
  <system-out/>
  <testcase classname="com.empire.qa.testcases.ConditionTypesPageTest" name="VerifyConditionTypesPageTitleTest" time="0.000">
    <skipped/>
  </testcase> <!-- VerifyConditionTypesPageTitleTest -->
  <system-out/>
  <testcase classname="com.empire.qa.testcases.ConditionTypesPageTest" name="VerifySnoSortingTest" time="0.000">
    <skipped/>
  </testcase> <!-- VerifySnoSortingTest -->
  <system-out/>
  <testcase classname="com.empire.qa.testcases.ConditionTypesPageTest" name="VerifyaddNewConditionwithInvalidLocationNameTest" time="0.000">
    <skipped/>
  </testcase> <!-- VerifyaddNewConditionwithInvalidLocationNameTest -->
  <system-out/>
  <testcase classname="com.empire.qa.testcases.ConditionTypesPageTest" name="VerifyaddNewConditionwithValidDataTest" time="0.000">
    <skipped/>
  </testcase> <!-- VerifyaddNewConditionwithValidDataTest -->
  <system-out/>
  <testcase classname="com.empire.qa.testcases.ConditionTypesPageTest" name="VerifyEditButtonBySearchConditionNameTest" time="0.000">
    <skipped/>
  </testcase> <!-- VerifyEditButtonBySearchConditionNameTest -->
  <system-out/>
  <testcase classname="com.empire.qa.testcases.ConditionTypesPageTest" name="VerifyDeleteButtonBySearchConditionNameTest" time="0.000">
    <skipped/>
  </testcase> <!-- VerifyDeleteButtonBySearchConditionNameTest -->
  <system-out/>
  <testcase classname="com.empire.qa.testcases.ConditionTypesPageTest" name="VerifyDeleteButtonByClickingYesTest" time="0.000">
    <skipped/>
  </testcase> <!-- VerifyDeleteButtonByClickingYesTest -->
  <system-out/>
</testsuite> <!-- com.empire.qa.testcases.ConditionTypesPageTest -->
