<?xml version="1.0" encoding="UTF-8"?>
<!-- Generated by org.testng.reporters.JUnitReportReporter -->
<testsuite hostname="DESKTOP-8BJQT84" failures="0" tests="20" name="com.empire.qa.testcases.MrpFactorsPageTest" time="69.172" errors="1" timestamp="2023-11-06T16:22:15 IST" skipped="13">
  <testcase classname="com.empire.qa.testcases.MrpFactorsPageTest" name="VerifyaddNewMrpFactorwithInvalidFactorValueTest" time="9.206">
    <skipped/>
  </testcase> <!-- VerifyaddNewMrpFactorwithInvalidFactorValueTest -->
  <testcase classname="com.empire.qa.testcases.MrpFactorsPageTest" name="VerifySearchTextFieldTest" time="9.721">
    <skipped/>
  </testcase> <!-- VerifySearchTextFieldTest -->
  <testcase classname="com.empire.qa.testcases.MrpFactorsPageTest" name="VerifyNextPageBtnTest" time="9.935"/>
  <testcase classname="com.empire.qa.testcases.MrpFactorsPageTest" name="VerifySearchTextFieldWithInvalidDataTest" time="9.485">
    <skipped/>
  </testcase> <!-- VerifySearchTextFieldWithInvalidDataTest -->
  <testcase classname="com.empire.qa.testcases.MrpFactorsPageTest" name="VerifyaddNewMrpFactorwithoutDataTest" time="10.167">
    <skipped/>
  </testcase> <!-- VerifyaddNewMrpFactorwithoutDataTest -->
  <testcase classname="com.empire.qa.testcases.MrpFactorsPageTest" name="VerifymrpfactorspageTitleTest" time="12.712">
    <skipped/>
  </testcase> <!-- VerifymrpfactorspageTitleTest -->
  <testcase classname="com.empire.qa.testcases.MrpFactorsPageTest" name="VerifyPage2BtnTest" time="0.481"/>
  <testcase classname="com.empire.qa.testcases.MrpFactorsPageTest" name="VerifybackBtnAddMrpFactorsPgTest" time="0.000">
    <skipped/>
  </testcase> <!-- VerifybackBtnAddMrpFactorsPgTest -->
  <testcase classname="com.empire.qa.testcases.MrpFactorsPageTest" name="VerifySnoSortingTest" time="0.000">
    <skipped/>
  </testcase> <!-- VerifySnoSortingTest -->
  <testcase classname="com.empire.qa.testcases.MrpFactorsPageTest" name="VerifyBackBtnTest" time="1.336"/>
  <testcase classname="com.empire.qa.testcases.MrpFactorsPageTest" name="VerifyPreviousPageBtnTest" time="0.572"/>
  <testcase classname="com.empire.qa.testcases.MrpFactorsPageTest" name="setup" time="4.687">
    <error message="element click intercepted: Element &lt;i class=&quot;fa fa-database&quot;&gt;&lt;/i&gt; is not clickable at point (25, 125). Other element would receive the click: &lt;div id=&quot;preloader&quot; style=&quot;opacity: 0.133729;&quot;&gt;...&lt;/div&gt;
  (Session info: chrome=118.0.5993.120)
Build info: version: &#039;4.11.0&#039;, revision: &#039;040bc5406b&#039;
System info: os.name: &#039;Windows 11&#039;, os.arch: &#039;amd64&#039;, os.version: &#039;10.0&#039;, java.version: &#039;20.0.1&#039;
Driver info: org.openqa.selenium.chrome.ChromeDriver
Command: [b1b14758cd795b8ab27c109af7d346d7, clickElement {id=8EF34838AEF7F31B80EABAF0C1686EA6_element_19}]
Capabilities {acceptInsecureCerts: false, browserName: chrome, browserVersion: 118.0.5993.120, chrome: {chromedriverVersion: 118.0.5993.70 (e52f33f30b91..., userDataDir: C:\Users\Admin\AppData\Loca...}, fedcm:accounts: true, goog:chromeOptions: {debuggerAddress: localhost:62702}, networkConnectionEnabled: false, pageLoadStrategy: normal, platformName: windows, proxy: Proxy(), se:cdp: ws://localhost:62702/devtoo..., se:cdpVersion: 118.0.5993.120, setWindowRect: true, strictFileInteractability: false, timeouts: {implicit: 0, pageLoad: 300000, script: 30000}, unhandledPromptBehavior: dismiss and notify, webauthn:extension:credBlob: true, webauthn:extension:largeBlob: true, webauthn:extension:minPinLength: true, webauthn:extension:prf: true, webauthn:virtualAuthenticators: true}
Element: [[ChromeDriver: chrome on windows (b1b14758cd795b8ab27c109af7d346d7)] -&gt; xpath: //i[@class=&#039;fa fa-database&#039;]]
Session ID: b1b14758cd795b8ab27c109af7d346d7" type="org.openqa.selenium.ElementClickInterceptedException">
      <![CDATA[org.openqa.selenium.ElementClickInterceptedException: element click intercepted: Element <i class="fa fa-database"></i> is not clickable at point (25, 125). Other element would receive the click: <div id="preloader" style="opacity: 0.133729;">...</div>
  (Session info: chrome=118.0.5993.120)
Build info: version: '4.11.0', revision: '040bc5406b'
System info: os.name: 'Windows 11', os.arch: 'amd64', os.version: '10.0', java.version: '20.0.1'
Driver info: org.openqa.selenium.chrome.ChromeDriver
Command: [b1b14758cd795b8ab27c109af7d346d7, clickElement {id=8EF34838AEF7F31B80EABAF0C1686EA6_element_19}]
Capabilities {acceptInsecureCerts: false, browserName: chrome, browserVersion: 118.0.5993.120, chrome: {chromedriverVersion: 118.0.5993.70 (e52f33f30b91..., userDataDir: C:\Users\Admin\AppData\Loca...}, fedcm:accounts: true, goog:chromeOptions: {debuggerAddress: localhost:62702}, networkConnectionEnabled: false, pageLoadStrategy: normal, platformName: windows, proxy: Proxy(), se:cdp: ws://localhost:62702/devtoo..., se:cdpVersion: 118.0.5993.120, setWindowRect: true, strictFileInteractability: false, timeouts: {implicit: 0, pageLoad: 300000, script: 30000}, unhandledPromptBehavior: dismiss and notify, webauthn:extension:credBlob: true, webauthn:extension:largeBlob: true, webauthn:extension:minPinLength: true, webauthn:extension:prf: true, webauthn:virtualAuthenticators: true}
Element: [[ChromeDriver: chrome on windows (b1b14758cd795b8ab27c109af7d346d7)] -> xpath: //i[@class='fa fa-database']]
Session ID: b1b14758cd795b8ab27c109af7d346d7
at java.base/jdk.internal.reflect.DirectConstructorHandleAccessor.newInstance(DirectConstructorHandleAccessor.java:67)
at java.base/java.lang.reflect.Constructor.newInstanceWithCaller(Constructor.java:500)
at java.base/java.lang.reflect.Constructor.newInstance(Constructor.java:484)
at org.openqa.selenium.remote.codec.w3c.W3CHttpResponseCodec.createException(W3CHttpResponseCodec.java:200)
at org.openqa.selenium.remote.codec.w3c.W3CHttpResponseCodec.decode(W3CHttpResponseCodec.java:133)
at org.openqa.selenium.remote.codec.w3c.W3CHttpResponseCodec.decode(W3CHttpResponseCodec.java:52)
at org.openqa.selenium.remote.HttpCommandExecutor.execute(HttpCommandExecutor.java:191)
at org.openqa.selenium.remote.service.DriverCommandExecutor.invokeExecute(DriverCommandExecutor.java:196)
at org.openqa.selenium.remote.service.DriverCommandExecutor.execute(DriverCommandExecutor.java:171)
at org.openqa.selenium.remote.RemoteWebDriver.execute(RemoteWebDriver.java:518)
at org.openqa.selenium.remote.RemoteWebElement.execute(RemoteWebElement.java:224)
at org.openqa.selenium.remote.RemoteWebElement.click(RemoteWebElement.java:77)
at java.base/jdk.internal.reflect.DirectMethodHandleAccessor.invoke(DirectMethodHandleAccessor.java:104)
at java.base/java.lang.reflect.Method.invoke(Method.java:578)
at org.openqa.selenium.support.events.EventFiringWebDriver$EventFiringWebElement.lambda$new$0(EventFiringWebDriver.java:375)
at jdk.proxy2/jdk.proxy2.$Proxy23.click(Unknown Source)
at org.openqa.selenium.support.events.EventFiringWebDriver$EventFiringWebElement.click(EventFiringWebDriver.java:387)
at java.base/jdk.internal.reflect.DirectMethodHandleAccessor.invoke(DirectMethodHandleAccessor.java:104)
at java.base/java.lang.reflect.Method.invoke(Method.java:578)
at org.openqa.selenium.support.pagefactory.internal.LocatingElementHandler.invoke(LocatingElementHandler.java:51)
at jdk.proxy2/jdk.proxy2.$Proxy22.click(Unknown Source)
at com.empire.qa.pages.HomePage.verifyMrpFactorPage(HomePage.java:147)
at com.empire.qa.testcases.MrpFactorsPageTest.setup(MrpFactorsPageTest.java:33)
at java.base/jdk.internal.reflect.DirectMethodHandleAccessor.invoke(DirectMethodHandleAccessor.java:104)
at java.base/java.lang.reflect.Method.invoke(Method.java:578)
at org.testng.internal.invokers.MethodInvocationHelper.invokeMethod(MethodInvocationHelper.java:139)
at org.testng.internal.invokers.MethodInvocationHelper.invokeMethodConsideringTimeout(MethodInvocationHelper.java:69)
at org.testng.internal.invokers.ConfigInvoker.invokeConfigurationMethod(ConfigInvoker.java:390)
at org.testng.internal.invokers.ConfigInvoker.invokeConfigurations(ConfigInvoker.java:325)
at org.testng.internal.invokers.TestInvoker.runConfigMethods(TestInvoker.java:810)
at org.testng.internal.invokers.TestInvoker.invokeMethod(TestInvoker.java:577)
at org.testng.internal.invokers.TestInvoker.invokeTestMethod(TestInvoker.java:227)
at org.testng.internal.invokers.MethodRunner.runInSequence(MethodRunner.java:50)
at org.testng.internal.invokers.TestInvoker$MethodInvocationAgent.invoke(TestInvoker.java:957)
at org.testng.internal.invokers.TestInvoker.invokeTestMethods(TestInvoker.java:200)
at org.testng.internal.invokers.TestMethodWorker.invokeTestMethods(TestMethodWorker.java:148)
at org.testng.internal.invokers.TestMethodWorker.run(TestMethodWorker.java:128)
at java.base/java.util.ArrayList.forEach(ArrayList.java:1511)
at org.testng.TestRunner.privateRun(TestRunner.java:848)
at org.testng.TestRunner.run(TestRunner.java:621)
at org.testng.SuiteRunner.runTest(SuiteRunner.java:443)
at org.testng.SuiteRunner.runSequentially(SuiteRunner.java:437)
at org.testng.SuiteRunner.privateRun(SuiteRunner.java:397)
at org.testng.SuiteRunner.run(SuiteRunner.java:336)
at org.testng.SuiteRunnerWorker.runSuite(SuiteRunnerWorker.java:52)
at org.testng.SuiteRunnerWorker.run(SuiteRunnerWorker.java:95)
at org.testng.TestNG.runSuitesSequentially(TestNG.java:1280)
at org.testng.TestNG.runSuitesLocally(TestNG.java:1200)
at org.testng.TestNG.runSuites(TestNG.java:1114)
at org.testng.TestNG.run(TestNG.java:1082)
at org.testng.remote.AbstractRemoteTestNG.run(AbstractRemoteTestNG.java:115)
at org.testng.remote.RemoteTestNG.initAndRun(RemoteTestNG.java:251)
at org.testng.remote.RemoteTestNG.main(RemoteTestNG.java:77)
]]>
    </error>
  </testcase> <!-- setup -->
  <testcase classname="com.empire.qa.testcases.MrpFactorsPageTest" name="VerifyFactorNameSortingTest" time="0.454"/>
  <testcase classname="com.empire.qa.testcases.MrpFactorsPageTest" name="VerifyToTopArrowBtnTest" time="0.000">
    <skipped/>
  </testcase> <!-- VerifyToTopArrowBtnTest -->
  <testcase classname="com.empire.qa.testcases.MrpFactorsPageTest" name="VerifyShowEntriesDropdownTest" time="0.000">
    <skipped/>
  </testcase> <!-- VerifyShowEntriesDropdownTest -->
  <testcase classname="com.empire.qa.testcases.MrpFactorsPageTest" name="VerifyFactorValueSortingTest" time="0.416"/>
  <testcase classname="com.empire.qa.testcases.MrpFactorsPageTest" name="VerifyaddNewMrpFactorwithValidDataTest" time="0.000">
    <skipped/>
  </testcase> <!-- VerifyaddNewMrpFactorwithValidDataTest -->
  <testcase classname="com.empire.qa.testcases.MrpFactorsPageTest" name="VerifyEditButtonBySearchFactorNameTest" time="0.000">
    <skipped/>
  </testcase> <!-- VerifyEditButtonBySearchFactorNameTest -->
  <testcase classname="com.empire.qa.testcases.MrpFactorsPageTest" name="VerifyDeleteButtonBySearchFactorNameTest" time="0.000">
    <skipped/>
  </testcase> <!-- VerifyDeleteButtonBySearchFactorNameTest -->
  <testcase classname="com.empire.qa.testcases.MrpFactorsPageTest" name="VerifyDeleteButtonByClickingYesTest" time="0.000">
    <skipped/>
  </testcase> <!-- VerifyDeleteButtonByClickingYesTest -->
</testsuite> <!-- com.empire.qa.testcases.MrpFactorsPageTest -->
