<?xml version="1.0" encoding="UTF-8"?>
<!-- Generated by org.testng.reporters.JUnitReportReporter -->
<testsuite hostname="Sanjay" failures="0" tests="15" name="com.empire.qa.testcases.SubCategoriesPageTest" time="274.857" errors="2" timestamp="2023-12-24T15:27:02 IST" skipped="0">
  <testcase classname="com.empire.qa.testcases.SubCategoriesPageTest" name="VerifySearchTextFieldTest" time="30.612"/>
  <system-out/>
  <testcase classname="com.empire.qa.testcases.SubCategoriesPageTest" name="VerifyShowEntriesDropdownTest" time="13.675"/>
  <system-out/>
  <testcase classname="com.empire.qa.testcases.SubCategoriesPageTest" name="VerifybackBtnAddSubCategoryTypePg" time="15.940"/>
  <system-out/>
  <testcase classname="com.empire.qa.testcases.SubCategoriesPageTest" name="VerifyBackBtnTest" time="13.780"/>
  <system-out/>
  <testcase classname="com.empire.qa.testcases.SubCategoriesPageTest" name="VerifySubCategoriesPageTitleTest" time="13.256"/>
  <system-out/>
  <testcase classname="com.empire.qa.testcases.SubCategoriesPageTest" name="VerifyaddSubCategoryPagewithoutDataTest" time="15.451"/>
  <system-out/>
  <testcase classname="com.empire.qa.testcases.SubCategoriesPageTest" name="VerifyaddSubCategoryPagewithInvalidSubCategoryNameTest" time="29.751">
    <error message="Cannot locate option with text: bed room
For documentation on this error, please visit: https://www.selenium.dev/documentation/webdriver/troubleshooting/errors#no-such-element-exception
Build info: version: &#039;4.11.0&#039;, revision: &#039;040bc5406b&#039;
System info: os.name: &#039;Windows 11&#039;, os.arch: &#039;amd64&#039;, os.version: &#039;10.0&#039;, java.version: &#039;17.0.9&#039;
Driver info: driver.version: unknown" type="org.openqa.selenium.NoSuchElementException">
      <![CDATA[org.openqa.selenium.NoSuchElementException: Cannot locate option with text: bed room
For documentation on this error, please visit: https://www.selenium.dev/documentation/webdriver/troubleshooting/errors#no-such-element-exception
Build info: version: '4.11.0', revision: '040bc5406b'
System info: os.name: 'Windows 11', os.arch: 'amd64', os.version: '10.0', java.version: '17.0.9'
Driver info: driver.version: unknown
at org.openqa.selenium.support.ui.Select.selectByVisibleText(Select.java:153)
at com.empire.qa.utils.UtilTest.dropdownmethod(UtilTest.java:39)
at com.empire.qa.pages.SubCategoriesPage.VerifyaddSubCategoryPagewithInvalidSubCategoryName(SubCategoriesPage.java:126)
at com.empire.qa.testcases.SubCategoriesPageTest.VerifyaddSubCategoryPagewithInvalidSubCategoryNameTest(SubCategoriesPageTest.java:69)
at java.base/jdk.internal.reflect.NativeMethodAccessorImpl.invoke0(Native Method)
at java.base/jdk.internal.reflect.NativeMethodAccessorImpl.invoke(NativeMethodAccessorImpl.java:77)
at java.base/jdk.internal.reflect.DelegatingMethodAccessorImpl.invoke(DelegatingMethodAccessorImpl.java:43)
at java.base/java.lang.reflect.Method.invoke(Method.java:568)
at org.testng.internal.MethodInvocationHelper.invokeMethod(MethodInvocationHelper.java:133)
at org.testng.internal.TestInvoker.invokeMethod(TestInvoker.java:598)
at org.testng.internal.TestInvoker.invokeTestMethod(TestInvoker.java:173)
at org.testng.internal.MethodRunner.runInSequence(MethodRunner.java:46)
at org.testng.internal.TestInvoker$MethodInvocationAgent.invoke(TestInvoker.java:824)
at org.testng.internal.TestInvoker.invokeTestMethods(TestInvoker.java:146)
at org.testng.internal.TestMethodWorker.invokeTestMethods(TestMethodWorker.java:146)
at org.testng.internal.TestMethodWorker.run(TestMethodWorker.java:128)
at java.base/java.util.ArrayList.forEach(ArrayList.java:1511)
at org.testng.TestRunner.privateRun(TestRunner.java:794)
at org.testng.TestRunner.run(TestRunner.java:596)
at org.testng.SuiteRunner.runTest(SuiteRunner.java:377)
at org.testng.SuiteRunner.runSequentially(SuiteRunner.java:371)
at org.testng.SuiteRunner.privateRun(SuiteRunner.java:332)
at org.testng.SuiteRunner.run(SuiteRunner.java:276)
at org.testng.SuiteRunnerWorker.runSuite(SuiteRunnerWorker.java:53)
at org.testng.SuiteRunnerWorker.run(SuiteRunnerWorker.java:96)
at org.testng.TestNG.runSuitesSequentially(TestNG.java:1212)
at org.testng.TestNG.runSuitesLocally(TestNG.java:1134)
at org.testng.TestNG.runSuites(TestNG.java:1063)
at org.testng.TestNG.run(TestNG.java:1031)
at org.testng.remote.AbstractRemoteTestNG.run(AbstractRemoteTestNG.java:115)
at org.testng.remote.RemoteTestNG.initAndRun(RemoteTestNG.java:251)
at org.testng.remote.RemoteTestNG.main(RemoteTestNG.java:77)
]]>
    </error>
  </testcase> <!-- VerifyaddSubCategoryPagewithInvalidSubCategoryNameTest -->
  <system-out/>
  <testcase classname="com.empire.qa.testcases.SubCategoriesPageTest" name="VerifySubCategoryNameSortingTest" time="13.443"/>
  <system-out/>
  <testcase classname="com.empire.qa.testcases.SubCategoriesPageTest" name="VerifySnoSortingTest" time="13.403"/>
  <system-out/>
  <testcase classname="com.empire.qa.testcases.SubCategoriesPageTest" name="VerifySearchTextFieldWithInvalidDataTest" time="15.486"/>
  <system-out/>
  <testcase classname="com.empire.qa.testcases.SubCategoriesPageTest" name="VerifySubCategoriesTitleTextTest" time="13.380"/>
  <system-out/>
  <testcase classname="com.empire.qa.testcases.SubCategoriesPageTest" name="VerifyaddSubCategoryPagewithValidDataTest" time="30.126">
    <error message="Cannot locate option with text: bed room
For documentation on this error, please visit: https://www.selenium.dev/documentation/webdriver/troubleshooting/errors#no-such-element-exception
Build info: version: &#039;4.11.0&#039;, revision: &#039;040bc5406b&#039;
System info: os.name: &#039;Windows 11&#039;, os.arch: &#039;amd64&#039;, os.version: &#039;10.0&#039;, java.version: &#039;17.0.9&#039;
Driver info: driver.version: unknown" type="org.openqa.selenium.NoSuchElementException">
      <![CDATA[org.openqa.selenium.NoSuchElementException: Cannot locate option with text: bed room
For documentation on this error, please visit: https://www.selenium.dev/documentation/webdriver/troubleshooting/errors#no-such-element-exception
Build info: version: '4.11.0', revision: '040bc5406b'
System info: os.name: 'Windows 11', os.arch: 'amd64', os.version: '10.0', java.version: '17.0.9'
Driver info: driver.version: unknown
at org.openqa.selenium.support.ui.Select.selectByVisibleText(Select.java:153)
at com.empire.qa.utils.UtilTest.dropdownmethod(UtilTest.java:39)
at com.empire.qa.pages.SubCategoriesPage.VerifyaddSubCategoryPagewithValidData(SubCategoriesPage.java:109)
at com.empire.qa.testcases.SubCategoriesPageTest.VerifyaddSubCategoryPagewithValidDataTest(SubCategoriesPageTest.java:59)
at java.base/jdk.internal.reflect.NativeMethodAccessorImpl.invoke0(Native Method)
at java.base/jdk.internal.reflect.NativeMethodAccessorImpl.invoke(NativeMethodAccessorImpl.java:77)
at java.base/jdk.internal.reflect.DelegatingMethodAccessorImpl.invoke(DelegatingMethodAccessorImpl.java:43)
at java.base/java.lang.reflect.Method.invoke(Method.java:568)
at org.testng.internal.MethodInvocationHelper.invokeMethod(MethodInvocationHelper.java:133)
at org.testng.internal.TestInvoker.invokeMethod(TestInvoker.java:598)
at org.testng.internal.TestInvoker.invokeTestMethod(TestInvoker.java:173)
at org.testng.internal.MethodRunner.runInSequence(MethodRunner.java:46)
at org.testng.internal.TestInvoker$MethodInvocationAgent.invoke(TestInvoker.java:824)
at org.testng.internal.TestInvoker.invokeTestMethods(TestInvoker.java:146)
at org.testng.internal.TestMethodWorker.invokeTestMethods(TestMethodWorker.java:146)
at org.testng.internal.TestMethodWorker.run(TestMethodWorker.java:128)
at java.base/java.util.ArrayList.forEach(ArrayList.java:1511)
at org.testng.TestRunner.privateRun(TestRunner.java:794)
at org.testng.TestRunner.run(TestRunner.java:596)
at org.testng.SuiteRunner.runTest(SuiteRunner.java:377)
at org.testng.SuiteRunner.runSequentially(SuiteRunner.java:371)
at org.testng.SuiteRunner.privateRun(SuiteRunner.java:332)
at org.testng.SuiteRunner.run(SuiteRunner.java:276)
at org.testng.SuiteRunnerWorker.runSuite(SuiteRunnerWorker.java:53)
at org.testng.SuiteRunnerWorker.run(SuiteRunnerWorker.java:96)
at org.testng.TestNG.runSuitesSequentially(TestNG.java:1212)
at org.testng.TestNG.runSuitesLocally(TestNG.java:1134)
at org.testng.TestNG.runSuites(TestNG.java:1063)
at org.testng.TestNG.run(TestNG.java:1031)
at org.testng.remote.AbstractRemoteTestNG.run(AbstractRemoteTestNG.java:115)
at org.testng.remote.RemoteTestNG.initAndRun(RemoteTestNG.java:251)
at org.testng.remote.RemoteTestNG.main(RemoteTestNG.java:77)
]]>
    </error>
  </testcase> <!-- VerifyaddSubCategoryPagewithValidDataTest -->
  <system-out/>
  <testcase classname="com.empire.qa.testcases.SubCategoriesPageTest" name="VerifyEditButtonBySearchSubCategoryNameTest" time="19.524"/>
  <system-out/>
  <testcase classname="com.empire.qa.testcases.SubCategoriesPageTest" name="VerifyDeleteButtonBySearchSubCategoryNameTest" time="18.415"/>
  <system-out/>
  <testcase classname="com.empire.qa.testcases.SubCategoriesPageTest" name="VerifyDeleteButtonByClickingYesTest" time="18.615"/>
  <system-out/>
</testsuite> <!-- com.empire.qa.testcases.SubCategoriesPageTest -->
