<?xml version="1.0" encoding="UTF-8"?>
<!-- Generated by org.testng.reporters.JUnitReportReporter -->
<testsuite hostname="DESKTOP-8BJQT84" failures="0" tests="18" name="com.empire.qa.testcases.LocationTypesPageTest" time="32.424" errors="1" timestamp="2023-11-03T14:16:47 IST" skipped="16">
  <testcase classname="com.empire.qa.testcases.LocationTypesPageTest" name="VerifySearchTextFieldWithInvalidDataTest" time="9.064">
    <skipped/>
  </testcase> <!-- VerifySearchTextFieldWithInvalidDataTest -->
  <system-out/>
  <testcase classname="com.empire.qa.testcases.LocationTypesPageTest" name="setup" time="22.663">
    <error message="element not interactable
  (Session info: chrome=118.0.5993.120)
Build info: version: &#039;4.11.0&#039;, revision: &#039;040bc5406b&#039;
System info: os.name: &#039;Windows 11&#039;, os.arch: &#039;amd64&#039;, os.version: &#039;10.0&#039;, java.version: &#039;20.0.1&#039;
Driver info: org.openqa.selenium.chrome.ChromeDriver
Command: [c68878f48fe8c3d20b18395dbffc097e, clickElement {id=520347696280655EF434EE1781D666B0_element_23}]
Capabilities {acceptInsecureCerts: false, browserName: chrome, browserVersion: 118.0.5993.120, chrome: {chromedriverVersion: 118.0.5993.70 (e52f33f30b91..., userDataDir: C:\Users\Admin\AppData\Loca...}, fedcm:accounts: true, goog:chromeOptions: {debuggerAddress: localhost:62820}, networkConnectionEnabled: false, pageLoadStrategy: normal, platformName: windows, proxy: Proxy(), se:cdp: ws://localhost:62820/devtoo..., se:cdpVersion: 118.0.5993.120, setWindowRect: true, strictFileInteractability: false, timeouts: {implicit: 0, pageLoad: 300000, script: 30000}, unhandledPromptBehavior: dismiss and notify, webauthn:extension:credBlob: true, webauthn:extension:largeBlob: true, webauthn:extension:minPinLength: true, webauthn:extension:prf: true, webauthn:virtualAuthenticators: true}
Element: [[ChromeDriver: chrome on windows (c68878f48fe8c3d20b18395dbffc097e)] -&gt; xpath: //a[text()=&#039;Location &#039;]]
Session ID: c68878f48fe8c3d20b18395dbffc097e" type="org.openqa.selenium.ElementNotInteractableException">
      <![CDATA[org.openqa.selenium.ElementNotInteractableException: element not interactable
  (Session info: chrome=118.0.5993.120)
Build info: version: '4.11.0', revision: '040bc5406b'
System info: os.name: 'Windows 11', os.arch: 'amd64', os.version: '10.0', java.version: '20.0.1'
Driver info: org.openqa.selenium.chrome.ChromeDriver
Command: [c68878f48fe8c3d20b18395dbffc097e, clickElement {id=520347696280655EF434EE1781D666B0_element_23}]
Capabilities {acceptInsecureCerts: false, browserName: chrome, browserVersion: 118.0.5993.120, chrome: {chromedriverVersion: 118.0.5993.70 (e52f33f30b91..., userDataDir: C:\Users\Admin\AppData\Loca...}, fedcm:accounts: true, goog:chromeOptions: {debuggerAddress: localhost:62820}, networkConnectionEnabled: false, pageLoadStrategy: normal, platformName: windows, proxy: Proxy(), se:cdp: ws://localhost:62820/devtoo..., se:cdpVersion: 118.0.5993.120, setWindowRect: true, strictFileInteractability: false, timeouts: {implicit: 0, pageLoad: 300000, script: 30000}, unhandledPromptBehavior: dismiss and notify, webauthn:extension:credBlob: true, webauthn:extension:largeBlob: true, webauthn:extension:minPinLength: true, webauthn:extension:prf: true, webauthn:virtualAuthenticators: true}
Element: [[ChromeDriver: chrome on windows (c68878f48fe8c3d20b18395dbffc097e)] -> xpath: //a[text()='Location ']]
Session ID: c68878f48fe8c3d20b18395dbffc097e
at java.base/jdk.internal.reflect.DirectConstructorHandleAccessor.newInstance(DirectConstructorHandleAccessor.java:67)
at java.base/java.lang.reflect.Constructor.newInstanceWithCaller(Constructor.java:500)
at java.base/java.lang.reflect.Constructor.newInstance(Constructor.java:484)
at org.openqa.selenium.remote.codec.w3c.W3CHttpResponseCodec.createException(W3CHttpResponseCodec.java:200)
at org.openqa.selenium.remote.codec.w3c.W3CHttpResponseCodec.decode(W3CHttpResponseCodec.java:133)
at org.openqa.selenium.remote.codec.w3c.W3CHttpResponseCodec.decode(W3CHttpResponseCodec.java:52)
at org.openqa.selenium.remote.HttpCommandExecutor.execute(HttpCommandExecutor.java:191)
at org.openqa.selenium.remote.service.DriverCommandExecutor.invokeExecute(DriverCommandExecutor.java:196)
at org.openqa.selenium.remote.service.DriverCommandExecutor.execute(DriverCommandExecutor.java:171)
at org.openqa.selenium.remote.RemoteWebDriver.execute(RemoteWebDriver.java:518)
at org.openqa.selenium.remote.RemoteWebElement.execute(RemoteWebElement.java:224)
at org.openqa.selenium.remote.RemoteWebElement.click(RemoteWebElement.java:77)
at java.base/jdk.internal.reflect.DirectMethodHandleAccessor.invoke(DirectMethodHandleAccessor.java:104)
at java.base/java.lang.reflect.Method.invoke(Method.java:578)
at org.openqa.selenium.support.events.EventFiringWebDriver$EventFiringWebElement.lambda$new$0(EventFiringWebDriver.java:375)
at jdk.proxy2/jdk.proxy2.$Proxy20.click(Unknown Source)
at org.openqa.selenium.support.events.EventFiringWebDriver$EventFiringWebElement.click(EventFiringWebDriver.java:387)
at java.base/jdk.internal.reflect.DirectMethodHandleAccessor.invoke(DirectMethodHandleAccessor.java:104)
at java.base/java.lang.reflect.Method.invoke(Method.java:578)
at org.openqa.selenium.support.pagefactory.internal.LocatingElementHandler.invoke(LocatingElementHandler.java:51)
at jdk.proxy2/jdk.proxy2.$Proxy19.click(Unknown Source)
at com.empire.qa.pages.HomePage.verifyLocationTypesPage(HomePage.java:110)
at com.empire.qa.testcases.LocationTypesPageTest.setup(LocationTypesPageTest.java:32)
at java.base/jdk.internal.reflect.DirectMethodHandleAccessor.invoke(DirectMethodHandleAccessor.java:104)
at java.base/java.lang.reflect.Method.invoke(Method.java:578)
at org.testng.internal.MethodInvocationHelper.invokeMethod(MethodInvocationHelper.java:133)
at org.testng.internal.MethodInvocationHelper.invokeMethodConsideringTimeout(MethodInvocationHelper.java:62)
at org.testng.internal.ConfigInvoker.invokeConfigurationMethod(ConfigInvoker.java:385)
at org.testng.internal.ConfigInvoker.invokeConfigurations(ConfigInvoker.java:321)
at org.testng.internal.TestInvoker.runConfigMethods(TestInvoker.java:700)
at org.testng.internal.TestInvoker.invokeMethod(TestInvoker.java:527)
at org.testng.internal.TestInvoker.invokeTestMethod(TestInvoker.java:173)
at org.testng.internal.MethodRunner.runInSequence(MethodRunner.java:46)
at org.testng.internal.TestInvoker$MethodInvocationAgent.invoke(TestInvoker.java:824)
at org.testng.internal.TestInvoker.invokeTestMethods(TestInvoker.java:146)
at org.testng.internal.TestMethodWorker.invokeTestMethods(TestMethodWorker.java:146)
at org.testng.internal.TestMethodWorker.run(TestMethodWorker.java:128)
at java.base/java.util.ArrayList.forEach(ArrayList.java:1511)
at org.testng.TestRunner.privateRun(TestRunner.java:794)
at org.testng.TestRunner.run(TestRunner.java:596)
at org.testng.SuiteRunner.runTest(SuiteRunner.java:377)
at org.testng.SuiteRunner.runSequentially(SuiteRunner.java:371)
at org.testng.SuiteRunner.privateRun(SuiteRunner.java:332)
at org.testng.SuiteRunner.run(SuiteRunner.java:276)
at org.testng.SuiteRunnerWorker.runSuite(SuiteRunnerWorker.java:53)
at org.testng.SuiteRunnerWorker.run(SuiteRunnerWorker.java:96)
at org.testng.TestNG.runSuitesSequentially(TestNG.java:1212)
at org.testng.TestNG.runSuitesLocally(TestNG.java:1134)
at org.testng.TestNG.runSuites(TestNG.java:1063)
at org.testng.TestNG.run(TestNG.java:1031)
at org.apache.maven.surefire.testng.TestNGExecutor.run(TestNGExecutor.java:308)
at org.apache.maven.surefire.testng.TestNGXmlTestSuite.execute(TestNGXmlTestSuite.java:71)
at org.apache.maven.surefire.testng.TestNGProvider.invoke(TestNGProvider.java:113)
at org.apache.maven.surefire.booter.ForkedBooter.runSuitesInProcess(ForkedBooter.java:385)
at org.apache.maven.surefire.booter.ForkedBooter.execute(ForkedBooter.java:162)
at org.apache.maven.surefire.booter.ForkedBooter.run(ForkedBooter.java:507)
at org.apache.maven.surefire.booter.ForkedBooter.main(ForkedBooter.java:495)
]]>
    </error>
  </testcase> <!-- setup -->
  <system-out/>
  <testcase classname="com.empire.qa.testcases.LocationTypesPageTest" name="VerifyNextPageBtnTest" time="0.000">
    <skipped/>
  </testcase> <!-- VerifyNextPageBtnTest -->
  <system-out/>
  <testcase classname="com.empire.qa.testcases.LocationTypesPageTest" name="VerifylocationtypespageTitleTest" time="0.000">
    <skipped/>
  </testcase> <!-- VerifylocationtypespageTitleTest -->
  <system-out/>
  <testcase classname="com.empire.qa.testcases.LocationTypesPageTest" name="VerifySnoSortingTest" time="0.000">
    <skipped/>
  </testcase> <!-- VerifySnoSortingTest -->
  <system-out/>
  <testcase classname="com.empire.qa.testcases.LocationTypesPageTest" name="VerifyToTopArrowBtnTest" time="0.000">
    <skipped/>
  </testcase> <!-- VerifyToTopArrowBtnTest -->
  <system-out/>
  <testcase classname="com.empire.qa.testcases.LocationTypesPageTest" name="VerifyaddNewLocationwithInvalidLocationNameTest" time="0.000">
    <skipped/>
  </testcase> <!-- VerifyaddNewLocationwithInvalidLocationNameTest -->
  <system-out/>
  <testcase classname="com.empire.qa.testcases.LocationTypesPageTest" name="VerifyLocationNameSortingTest" time="0.000">
    <skipped/>
  </testcase> <!-- VerifyLocationNameSortingTest -->
  <system-out/>
  <testcase classname="com.empire.qa.testcases.LocationTypesPageTest" name="VerifyaddNewLocationwithoutDataTest" time="0.000">
    <skipped/>
  </testcase> <!-- VerifyaddNewLocationwithoutDataTest -->
  <system-out/>
  <testcase classname="com.empire.qa.testcases.LocationTypesPageTest" name="VerifyPage3BtnTest" time="0.000">
    <skipped/>
  </testcase> <!-- VerifyPage3BtnTest -->
  <system-out/>
  <testcase classname="com.empire.qa.testcases.LocationTypesPageTest" name="VerifySearchTextFieldTest" time="0.000">
    <skipped/>
  </testcase> <!-- VerifySearchTextFieldTest -->
  <system-out/>
  <testcase classname="com.empire.qa.testcases.LocationTypesPageTest" name="VerifyShowEntriesDropdownTest" time="0.000">
    <skipped/>
  </testcase> <!-- VerifyShowEntriesDropdownTest -->
  <system-out/>
  <testcase classname="com.empire.qa.testcases.LocationTypesPageTest" name="VerifyPreviousPageBtnTest" time="0.000">
    <skipped/>
  </testcase> <!-- VerifyPreviousPageBtnTest -->
  <system-out/>
  <testcase classname="com.empire.qa.testcases.LocationTypesPageTest" name="VerifyBackBtnTest" time="0.697"/>
  <system-out/>
  <testcase classname="com.empire.qa.testcases.LocationTypesPageTest" name="VerifyaddNewLocationwithValidDataTest" time="0.000">
    <skipped/>
  </testcase> <!-- VerifyaddNewLocationwithValidDataTest -->
  <system-out/>
  <testcase classname="com.empire.qa.testcases.LocationTypesPageTest" name="VerifyEditButtonBySearchLocationNameTest" time="0.000">
    <skipped/>
  </testcase> <!-- VerifyEditButtonBySearchLocationNameTest -->
  <system-out/>
  <testcase classname="com.empire.qa.testcases.LocationTypesPageTest" name="VerifyDeleteButtonBySearchLocationNameTest" time="0.000">
    <skipped/>
  </testcase> <!-- VerifyDeleteButtonBySearchLocationNameTest -->
  <system-out/>
  <testcase classname="com.empire.qa.testcases.LocationTypesPageTest" name="VerifyDeleteButtonByClickingYesTest" time="0.000">
    <skipped/>
  </testcase> <!-- VerifyDeleteButtonByClickingYesTest -->
  <system-out/>
</testsuite> <!-- com.empire.qa.testcases.LocationTypesPageTest -->
